libxml2-python
pcre
bash
basesystem
libxml2
readline
sqlite
libacl
glibc
zlib
xz-libs
p11-kit-trust
expat
libgcc
libverto
grep
nss-util
libtasn1
libselinux
nss-softokn-freebl
nspr
gmp
nspr
ca-certificates
ncurses-base
libdb
nss-util
ncurses-libs
expat
libcap
filesystem
openssl-libs
p11-kit
keyutils-libs
info
chkconfig
glibc
libxml2
keyutils-libs
python-libs
p11-kit
libgcc
bzip2-libs
setup
popt
redhat-release-server
libsepol
libcom_err
glibc-common
krb5-libs
nss-softokn-freebl
gmp
gdbm
pcre
python
coreutils
libffi
libstdc++
ncurses
gawk
p11-kit-trust
tzdata
libffi
sed
libattr
libxml2
pcre
bash
basesystem
glibc
zlib
xz-libs
libgcc
nss-util
libselinux
nspr
nspr
ncurses-base
nss-util
ncurses-libs
filesystem
glibc
libgcc
setup
redhat-release-server
libsepol
glibc-common
nss-softokn-freebl
pcre
libstdc++
tzdata
unzip
pcre
bash
basesystem
glibc
libgcc
nss-util
libselinux
nspr
nspr
ncurses-base
nss-util
ncurses-libs
filesystem
glibc
libgcc
bzip2-libs
setup
redhat-release-server
libsepol
glibc-common
nss-softokn-freebl
pcre
libstdc++
tzdata
emacs-filesystem
avahi-libs
pcre
bash
basesystem
glibc
libgcc
dbus-libs
nss-util
libselinux
nspr
nspr
ncurses-base
nss-util
ncurses-libs
filesystem
glibc
libgcc
setup
redhat-release-server
libsepol
glibc-common
nss-softokn-freebl
pcre
libstdc++
tzdata
gettext-libs
pcre
pkgconfig
bash
basesystem
libxml2
glib2
libunistring
glibc
zlib
xz-libs
libgcc
nss-util
libselinux
nspr
nspr
ncurses-base
nss-util
ncurses-libs
libcroco
filesystem
shared-mime-info
info
glibc
pkgconfig
libgcc
setup
glib2
redhat-release-server
libsepol
glibc-common
nss-softokn-freebl
pcre
libgomp
libstdc++
tzdata
libffi
gettext
pcre
pkgconfig
bash
basesystem
libxml2
readline
glib2
libunistring
sqlite
libacl
glibc
zlib
xz-libs
p11-kit-trust
expat
libgcc
libverto
grep
nss-util
libtasn1
libselinux
nss-softokn-freebl
nspr
gmp
nspr
ca-certificates
ncurses-base
libdb
nss-util
ncurses-libs
expat
libcap
filesystem
openssl-libs
p11-kit
shared-mime-info
keyutils-libs
info
gettext-libs
chkconfig
glibc
keyutils-libs
python-libs
p11-kit
pkgconfig
libgcc
bzip2-libs
setup
glib2
popt
redhat-release-server
libsepol
libcom_err
glibc-common
krb5-libs
nss-softokn-freebl
gmp
gdbm
pcre
python
coreutils
libffi
libgomp
libstdc++
ncurses
gawk
p11-kit-trust
tzdata
libffi
sed
libcroco
libattr
polkit
device-mapper
polkit
shadow-utils
libpwquality
polkit-pkla-compat
mozjs17
systemd-libs
openssl-libs
libtasn1
libselinux
ca-certificates
libssh2
libpwquality
hardlink
shared-mime-info
cracklib
libmount
libblkid
gmp
elfutils-libs
libgcc
device-mapper-libs
elfutils-libelf
redhat-release-server
kmod
bzip2-libs
pcre
diffutils
ncurses
libacl
libffi
acl
xz
libutempter
p11-kit-trust
elfutils-default-yama-scope
tzdata
libffi
pkgconfig
basesystem
libxml2
cracklib
glibc
xz-libs
systemd-libs
nss-softokn
libgcc
libverto
nss-util
libstdc++
nss-softokn-freebl
nspr
json-c
findutils
libgcrypt
dbus
p11-kit
keyutils-libs
nss
keyutils-libs
binutils
setup
libdb
libcom_err
krb5-libs
gmp
diffutils
libidn
nss
libuser
pcre
bash
util-linux
audit-libs
glib2
libuuid
cracklib-dicts
procps-ng
bzip2-libs
nspr
util-linux
libdb
systemd
ncurses-libs
libcap
libsemanage
libuuid
openldap
info
chkconfig
procps-ng
ustr
pkgconfig
libmount
libgpg-error
ncurses-libs
device-mapper-libs
libacl
lz4
libcap-ng
cyrus-sasl-lib
gawk
libgcrypt
audit-libs
nss-tools
libblkid
libselinux
libsepol
sqlite
pam
zlib
gzip
kpartx
pam
grep
dbus-libs
cpio
glib2
readline
ncurses-base
nss-util
expat
filesystem
polkit
qrencode-libs
libcurl
p11-kit
nss-sysinit
xz-libs
popt
p11-kit-trust
libsepol
kmod-libs
glibc-common
nss-softokn-freebl
dracut
coreutils
cryptsetup-libs
glibc
sed
libattr
python-libs
pcre
gdbm
bash
basesystem
bzip2-libs
libacl
glibc
zlib
p11-kit-trust
expat
libgcc
libverto
grep
nss-util
libtasn1
libselinux
nss-softokn-freebl
nspr
nspr
ca-certificates
ncurses-base
nss-util
ncurses-libs
expat
libcap
filesystem
zlib
openssl-libs
p11-kit
keyutils-libs
info
chkconfig
glibc
keyutils-libs
gmp
p11-kit
libgcc
readline
setup
openssl-libs
ncurses-libs
popt
sqlite
redhat-release-server
libsepol
libdb
libcom_err
glibc-common
krb5-libs
nss-softokn-freebl
gmp
pcre
ncurses
coreutils
libffi
libstdc++
gawk
p11-kit-trust
tzdata
libffi
sed
libattr
python
pcre
bash
basesystem
readline
sqlite
libacl
glibc
zlib
p11-kit-trust
expat
libgcc
libverto
grep
nss-util
libtasn1
libselinux
nss-softokn-freebl
nspr
gmp
nspr
ca-certificates
ncurses-base
libdb
nss-util
ncurses-libs
expat
libcap
filesystem
openssl-libs
p11-kit
keyutils-libs
info
chkconfig
glibc
keyutils-libs
python-libs
p11-kit
libgcc
bzip2-libs
setup
popt
redhat-release-server
libsepol
libcom_err
glibc-common
krb5-libs
nss-softokn-freebl
gmp
gdbm
pcre
ncurses
coreutils
libffi
libstdc++
gawk
p11-kit-trust
tzdata
libffi
sed
libattr
tkinter
dejavu-lgc-serif-fonts
libXext
amiri-fonts
google-crosextra-carlito-fonts
thai-scalable-kinnari-fonts
libXt
liberation-narrow-fonts
thai-scalable-umpush-fonts
moyogo-molengo-fonts
python
gnu-free-fonts-common
gnu-free-serif-fonts
freetype
urw-base35-z003-fonts
glib2
openssl-libs
jomolhari-fonts
paktype-tehreer-fonts
libtasn1
libselinux
ca-certificates
paratype-pt-sans-caption-fonts
julietaula-montserrat-fonts
libX11
bitmap-fixed-fonts
urw-base35-nimbus-roman-fonts
d-din-exp-fonts
shared-mime-info
khmeros-base-fonts
zvbi-fonts
khmeros-handwritten-fonts
libXi
xorg-x11-server-utils
libblkid
gmp
julietaula-montserrat-fonts-common
libgcc
urw-base35-d050000l-fonts
libXfixes
tk
dejavu-lgc-sans-fonts
tangerine-fonts
redhat-release-server
wqy-unibit-fonts
urw-base35-gothic-fonts
liberation-sans-fonts
bzip2-libs
thai-scalable-sawasdee-fonts
thai-scalable-garuda-fonts
pcre
urw-base35-nimbus-mono-ps-fonts
ncurses
bpg-fonts-common
paratype-pt-sans-fonts
libacl
libffi
libstdc++
urw-base35-nimbus-sans-fonts
p11-kit-trust
linux-libertine-biolinum-fonts
google-roboto-fonts
tzdata
adobe-source-han-sans-cn-fonts
libffi
khmeros-bokor-fonts
horai-ume-pmincho-fonts
sil-abyssinica-fonts
khmeros-fonts-common
linux-libertine-fonts
khmeros-metal-chrieng-fonts
dejavu-fonts-common
basesystem
libxml2
gdbm
adobe-source-code-pro-fonts
oxygen-mono-fonts
google-roboto-slab-fonts
glibc
thai-scalable-tlwgtypewriter-fonts
thai-scalable-waree-fonts
xz-libs
linux-libertine-fonts-common
bpg-nateli-caps-fonts
tibetan-machine-uni-fonts
libgcc
libverto
tcl
nss-util
nss-softokn-freebl
nspr
liberation-serif-fonts
fontconfig
libICE
libXrandr
wqy-microhei-fonts
libmount
julietaula-montserrat-alternates-fonts
sil-mingzat-fonts
libdb
p11-kit
oxygen-sans-fonts
keyutils-libs
artwiz-aleczapka-kates-fonts
keyutils-libs
tk
thai-scalable-fonts-common
python-libs
urw-base35-fonts-common
libXxf86misc
setup
khmeros-muol-fonts
texmacs-fedora-fonts
paktype-naskh-basic-fonts
terminus-fonts
libcom_err
horai-ume-mincho-fonts
sazanami-fonts-common
google-noto-sans-ui-fonts
gmp
lyx-fonts
urw-base35-p052-fonts
lato-fonts
d-din-condensed-fonts
oflb-asana-math-fonts
d-din-fonts
libXmu
google-droid-sans-fonts
horai-ume-gothic-fonts
impallari-lobster-fonts
google-droid-sans-mono-fonts
fontconfig
urw-base35-c059-fonts
pcre
bash
overpass-fonts
pkgconfig
glib2
fontpackages-filesystem
google-noto-sans-cjk-fonts
mozilla-fira-mono-fonts
adobe-source-sans-pro-fonts
comic-neue-fonts
libuuid
bitmap-fangsongti-fonts
google-noto-fonts-common
google-roboto-mono-fonts
expat
bitmap-console-fonts
libblkid
ipa-gothic-fonts
google-noto-serif-fonts
nspr
thai-scalable-tlwgtypist-fonts
libXrender
google-noto-sans-simplified-chinese-fonts
trabajo-fonts
gnu-free-mono-fonts
google-noto-sans-traditional-chinese-fonts
ncurses-libs
libXfont
libSM
libcap
google-roboto-condensed-fonts
libuuid
wqy-zenhei-fonts
thai-scalable-tlwgmono-fonts
oxygen-fonts-common
gnu-free-sans-fonts
urw-base35-bookman-fonts
info
ipa-pgothic-fonts
libXxf86vm
chkconfig
conakry-fonts
google-noto-cjk-fonts
artwiz-aleczapka-edges-fonts
freetype
amiri-fonts-common
google-noto-sans-japanese-fonts
sqlite
comic-neue-fonts-common
libpng
bpg-mrgvlovani-caps-fonts
krb5-libs
dejavu-lgc-sans-mono-fonts
comic-neue-angular-fonts
vlgothic-p-fonts
google-crosextra-caladea-fonts
bitmap-lucida-typewriter-fonts
artwiz-aleczapka-drift-fonts
tcl
libXinerama
sazanami-gothic-fonts
adobe-source-han-sans-twhk-fonts
dejavu-sans-fonts
horai-ume-uigothic-fonts
gawk
mozilla-fira-sans-fonts
google-noto-sans-fonts
ipa-pmincho-fonts
cjkuni-uming-fonts
artwiz-aleczapka-lime-fonts
artwiz-aleczapka-fkp-fonts
abattis-cantarell-fonts
mozilla-fira-fonts-common
artwiz-aleczapka-smoothansi-fonts
libselinux
liberation-fonts-common
dejavu-sans-mono-fonts
paktype-naqsh-fonts
zlib
libfontenc
levien-inconsolata-fonts
artwiz-aleczapka-fonts-common
libX11
grep
vlgothic-fonts
horai-ume-pgothic-fonts
mph-2b-damase-fonts
libXft
khmeros-battambang-fonts
ncurses-base
google-droid-serif-fonts
nss-util
libXcursor
dejavu-serif-fonts
expat
bpg-nateli-condenced-fonts
filesystem
zlib
bpg-nateli-fonts
astigmatic-grand-hotel-fonts
libXau
ipa-mincho-fonts
redhat-text-fonts
pkgconfig
xorg-x11-font-utils
p11-kit
google-noto-sans-korean-fonts
bpg-mrgvlovani-fonts
stix-math-fonts
cjkuni-ukai-fonts
open-sans-fonts
stix-fonts
popt
p11-kit-trust
libsepol
tix
sazanami-mincho-fonts
thai-scalable-norasi-fonts
glibc-common
thai-scalable-purisa-fonts
cf-sorts-mill-goudy-fonts
nss-softokn-freebl
readline
redhat-display-fonts
coreutils
libX11-common
thai-scalable-loma-fonts
khmeros-siemreap-fonts
liberation-mono-fonts
glibc
artwiz-aleczapka-nu-fonts
tulrich-tuffy-fonts
libxcb
sed
thai-scalable-tlwgtypo-fonts
libattr
bash
pcre
bash
basesystem
glibc
libgcc
nss-util
libselinux
nspr
nspr
ncurses-base
nss-util
ncurses-libs
filesystem
glibc
libgcc
setup
redhat-release-server
libsepol
glibc-common
nss-softokn-freebl
pcre
libstdc++
tzdata
mariadb-libs
pcre
bash
basesystem
libacl
glibc
zlib
p11-kit-trust
libgcc
libverto
grep
nss-util
libtasn1
libselinux
nss-softokn-freebl
nspr
nspr
ca-certificates
ncurses-base
nss-util
ncurses-libs
libcap
filesystem
openssl-libs
p11-kit
keyutils-libs
info
chkconfig
glibc
keyutils-libs
gmp
p11-kit
libgcc
setup
popt
redhat-release-server
libsepol
libcom_err
glibc-common
krb5-libs
nss-softokn-freebl
gmp
pcre
ncurses
coreutils
libffi
libstdc++
gawk
p11-kit-trust
tzdata
libffi
sed
libattr
net-snmp-libs
pcre
bash
basesystem
libselinux
openssl-libs
glibc
libverto
zlib
p11-kit-trust
libgcc
grep
nss-util
libtasn1
libselinux
nss-softokn-freebl
nspr
nspr
ca-certificates
ncurses-base
nss-util
ncurses-libs
libcap
krb5-libs
filesystem
zlib
openssl-libs
p11-kit
keyutils-libs
info
chkconfig
glibc
keyutils-libs
gmp
p11-kit
libgcc
libacl
setup
popt
redhat-release-server
libsepol
glibc-common
nss-softokn-freebl
gmp
pcre
ncurses
coreutils
libffi
libstdc++
libcom_err
gawk
p11-kit-trust
tzdata
libffi
sed
libattr
net-snmp-agent-libs
net-snmp-libs
rpm
rpm-libs
openssl-libs
libtasn1
libselinux
ca-certificates
krb5-libs
libssh2
perl-Storable
perl-macros
gmp
libgcc
groff-base
elfutils-libelf
redhat-release-server
bzip2-libs
pcre
ncurses
lm_sensors-libs
libacl
libffi
libstdc++
openldap
p11-kit-trust
tzdata
libffi
basesystem
glibc
xz-libs
nss-softokn
libgcc
libverto
nss-util
libidn
nss-softokn-freebl
nspr
perl-Pod-Escapes
perl-File-Temp
perl-constant
perl-Pod-Simple
perl-Time-Local
p11-kit
keyutils-libs
nss
keyutils-libs
setup
mariadb-libs
nss-pem
libdb
libcom_err
krb5-libs
gmp
nss
nss-tools
lua
perl-Getopt-Long
perl-Time-HiRes
pcre
bash
perl-libs
perl-parent
nspr
libdb
openssl-libs
ncurses-libs
libcap
perl-File-Path
perl-Pod-Perldoc
perl-PathTools
perl-podlators
chkconfig
perl-Filter
curl
libdb-utils
perl-HTTP-Tiny
perl-Exporter
gawk
cyrus-sasl-lib
perl-Scalar-List-Utils
info
sqlite
perl-Carp
zlib
perl-threads-shared
grep
tcp_wrappers-libs
perl-Encode
readline
libcom_err
ncurses-base
nss-util
perl
filesystem
zlib
libcurl
perl-Socket
perl-libs
libcurl
p11-kit
nss-sysinit
popt
p11-kit-trust
libsepol
perl-threads
glibc-common
nss-softokn-freebl
sed
gdbm
coreutils
glibc
findutils
perl-Text-ParseWords
perl-Pod-Usage
net-snmp-libs
libattr
atk
pcre
pkgconfig
bash
basesystem
libxml2
glib2
glibc
zlib
xz-libs
libgcc
nss-util
libselinux
nspr
nspr
ncurses-base
nss-util
ncurses-libs
filesystem
shared-mime-info
glibc
pkgconfig
libgcc
setup
glib2
redhat-release-server
libsepol
glibc-common
nss-softokn-freebl
pcre
libstdc++
tzdata
libffi
bind-license
bind-utils
pcre
bash
basesystem
libxml2
libacl
glibc
bind-libs-lite
zlib
xz-libs
libidn
p11-kit-trust
libgcc
libverto
grep
nss-util
libtasn1
libselinux
nss-softokn-freebl
nspr
nspr
ca-certificates
ncurses-base
nss-util
ncurses-libs
libcap
filesystem
openssl-libs
p11-kit
keyutils-libs
info
chkconfig
GeoIP
bind-libs
keyutils-libs
gmp
p11-kit
libgcc
setup
bind-license
popt
redhat-release-server
libsepol
libcom_err
glibc-common
krb5-libs
nss-softokn-freebl
gmp
pcre
ncurses
coreutils
libffi
libstdc++
gawk
p11-kit-trust
tzdata
libffi
glibc
sed
libattr
bind-libs-lite
pcre
bash
basesystem
libxml2
libacl
glibc
zlib
xz-libs
p11-kit-trust
libgcc
libverto
grep
nss-util
libtasn1
libselinux
nss-softokn-freebl
nspr
nspr
ca-certificates
ncurses-base
nss-util
ncurses-libs
libcap
filesystem
openssl-libs
p11-kit
keyutils-libs
info
chkconfig
GeoIP
keyutils-libs
gmp
p11-kit
libgcc
setup
bind-license
popt
redhat-release-server
libsepol
libcom_err
glibc-common
krb5-libs
nss-softokn-freebl
gmp
pcre
ncurses
coreutils
libffi
libstdc++
gawk
p11-kit-trust
tzdata
libffi
glibc
sed
libattr
bind-libs
pcre
bash
basesystem
GeoIP
libselinux
openssl-libs
glibc
libverto
zlib
p11-kit-trust
libgcc
bind-libs-lite
grep
nss-util
libtasn1
libselinux
nss-softokn-freebl
nspr
nspr
libcom_err
ncurses-base
nss-util
ncurses-libs
libcap
krb5-libs
filesystem
zlib
openssl-libs
p11-kit
keyutils-libs
info
chkconfig
glibc
libxml2
keyutils-libs
gmp
p11-kit
libgcc
libattr
libacl
setup
xz-libs
bind-license
popt
redhat-release-server
libsepol
glibc-common
nss-softokn-freebl
gmp
pcre
ncurses
coreutils
libffi
libstdc++
ca-certificates
gawk
p11-kit-trust
tzdata
libcap
libffi
sed
libattr
bind-export-libs
pcre
bash
basesystem
libacl
glibc
zlib
p11-kit-trust
libgcc
libverto
grep
nss-util
libtasn1
libselinux
nss-softokn-freebl
nspr
nspr
ca-certificates
ncurses-base
nss-util
ncurses-libs
libcap
filesystem
openssl-libs
p11-kit
keyutils-libs
info
chkconfig
glibc
keyutils-libs
gmp
p11-kit
libgcc
setup
popt
redhat-release-server
libsepol
libcom_err
glibc-common
krb5-libs
nss-softokn-freebl
gmp
pcre
ncurses
coreutils
libffi
libstdc++
gawk
p11-kit-trust
tzdata
libffi
sed
libattr
libosinfo
osinfo-db-tools
device-mapper
shadow-utils
libpwquality
libgpg-error
systemd-libs
openssl-libs
libtasn1
libselinux
ca-certificates
libssh2
libpwquality
lzo
hardlink
shared-mime-info
cracklib
libmount
libblkid
gmp
elfutils-libs
libgcc
device-mapper-libs
elfutils-libelf
redhat-release-server
kmod
bzip2-libs
pcre
diffutils
ncurses
libacl
libffi
acl
xz
libutempter
p11-kit-trust
elfutils-default-yama-scope
tzdata
libffi
pkgconfig
basesystem
libxml2
cracklib
glibc
xz-libs
systemd-libs
libxslt
nss-softokn
libgcc
libverto
nss-util
libstdc++
nss-softokn-freebl
nspr
json-c
findutils
libarchive
libgcrypt
dbus
p11-kit
keyutils-libs
nss
keyutils-libs
binutils
setup
libdb
libcom_err
krb5-libs
gmp
diffutils
libidn
nss
libuser
pcre
bash
util-linux
audit-libs
glib2
libuuid
cracklib-dicts
procps-ng
bzip2-libs
nspr
osinfo-db
util-linux
libdb
systemd
ncurses-libs
libcap
libsemanage
libuuid
openldap
info
chkconfig
procps-ng
libxml2
ustr
pkgconfig
libmount
libgpg-error
ncurses-libs
device-mapper-libs
libacl
lz4
libcap-ng
cyrus-sasl-lib
gawk
libgcrypt
audit-libs
nss-tools
libblkid
libselinux
libsepol
sqlite
pam
zlib
gzip
kpartx
pam
grep
dbus-libs
cpio
glib2
hwdata
readline
hwdata
ncurses-base
nss-util
expat
filesystem
zlib
qrencode-libs
libcurl
p11-kit
nss-sysinit
xz-libs
popt
p11-kit-trust
libsepol
kmod-libs
glibc-common
nss-softokn-freebl
dracut
coreutils
cryptsetup-libs
glibc
sed
libattr
cups-libs
pcre
bash
basesystem
libacl
glibc
zlib
p11-kit-trust
audit-libs
libgcc
libverto
grep
dbus-libs
nss-util
libtasn1
libselinux
nss-softokn-freebl
nspr
nspr
ca-certificates
ncurses-base
avahi-libs
nss-util
ncurses-libs
libcap
filesystem
openssl-libs
p11-kit
keyutils-libs
info
chkconfig
glibc
keyutils-libs
gmp
p11-kit
libgcc
setup
popt
redhat-release-server
libsepol
libcom_err
glibc-common
krb5-libs
nss-softokn-freebl
gmp
pcre
ncurses
coreutils
libffi
libstdc++
gawk
p11-kit-trust
tzdata
libffi
sed
libattr
texlive-kpathsea
pcre
bash
basesystem
libacl
glibc
zlib
p11-kit-trust
libgcc
libverto
grep
nss-util
libtasn1
libselinux
nss-softokn-freebl
nspr
nspr
ca-certificates
ncurses-base
nss-util
ncurses-libs
libcap
filesystem
openssl-libs
p11-kit
keyutils-libs
info
chkconfig
glibc
keyutils-libs
gmp
p11-kit
libgcc
setup
texlive-kpathsea-lib
texlive-kpathsea-lib
popt
redhat-release-server
libsepol
texlive-kpathsea-bin
libcom_err
glibc-common
krb5-libs
nss-softokn-freebl
gmp
pcre
ncurses
coreutils
libffi
libstdc++
gawk
p11-kit-trust
tzdata
texlive-kpathsea
libffi
sed
libattr
texlive-dvipng
pcre
bash
dejavu-fonts-common
basesystem
libXpm
fontpackages-filesystem
t1lib
libacl
glibc
libpng
zlib
libX11-common
p11-kit-trust
freetype
libgcc
libverto
grep
libuuid
nss-util
libtasn1
libselinux
nss-softokn-freebl
nspr
texlive-dvipng
nspr
ca-certificates
ncurses-base
gd
nss-util
fontconfig
ncurses-libs
libX11
libcap
filesystem
expat
openssl-libs
p11-kit
dejavu-sans-fonts
keyutils-libs
libXau
info
chkconfig
glibc
texlive-base
keyutils-libs
gmp
p11-kit
libgcc
bzip2-libs
freetype
setup
texlive-kpathsea-lib
texlive-kpathsea-lib
popt
texlive-dvipng-bin
redhat-release-server
libsepol
texlive-kpathsea-bin
libcom_err
glibc-common
krb5-libs
nss-softokn-freebl
gmp
libjpeg-turbo
pcre
ncurses
coreutils
libffi
libstdc++
gawk
p11-kit-trust
tzdata
texlive-kpathsea
libffi
findutils
libxcb
sed
libattr
texlive-base
pcre
bash
basesystem
libacl
glibc
zlib
p11-kit-trust
libgcc
libverto
grep
nss-util
libtasn1
libselinux
nss-softokn-freebl
nspr
nspr
ca-certificates
ncurses-base
nss-util
ncurses-libs
libcap
filesystem
openssl-libs
p11-kit
keyutils-libs
info
chkconfig
glibc
keyutils-libs
gmp
p11-kit
libgcc
setup
popt
redhat-release-server
libsepol
libcom_err
glibc-common
krb5-libs
nss-softokn-freebl
gmp
pcre
ncurses
coreutils
libffi
libstdc++
gawk
p11-kit-trust
tzdata
libffi
sed
libattr
texlive-kpathsea-lib
pcre
ncurses-libs
bash
libselinux
basesystem
tzdata
pcre
libstdc++
libgcc
glibc
ncurses-base
nss-softokn-freebl
glibc
filesystem
redhat-release-server
libsepol
setup
libgcc
glibc-common
texlive-kpathsea-bin
pcre
bash
basesystem
openssl-libs
libacl
glibc
zlib
p11-kit-trust
libgcc
libverto
grep
nss-util
libtasn1
libselinux
nss-softokn-freebl
nspr
nspr
ca-certificates
ncurses-base
nss-util
ncurses-libs
libcap
filesystem
texlive-kpathsea-lib
p11-kit
keyutils-libs
info
chkconfig
glibc
keyutils-libs
gmp
p11-kit
libgcc
setup
texlive-kpathsea-lib
popt
redhat-release-server
libsepol
texlive-kpathsea-bin
libcom_err
glibc-common
krb5-libs
nss-softokn-freebl
gmp
pcre
ncurses
coreutils
libffi
libstdc++
gawk
p11-kit-trust
tzdata
texlive-kpathsea
libffi
sed
libattr
texlive-dvipng-bin
pcre
bash
dejavu-fonts-common
basesystem
sed
libXpm
fontpackages-filesystem
t1lib
libacl
glibc
texlive-dvipng-bin
zlib
libffi
p11-kit-trust
freetype
libgcc
libverto
grep
libuuid
nss-util
libtasn1
libselinux
nss-softokn-freebl
nspr
texlive-dvipng
nspr
ca-certificates
ncurses-base
nss-util
fontconfig
ncurses-libs
libX11
libcap
filesystem
expat
openssl-libs
p11-kit
dejavu-sans-fonts
keyutils-libs
libXau
info
chkconfig
glibc
texlive-base
keyutils-libs
gmp
p11-kit
texlive-kpathsea
libgcc
bzip2-libs
freetype
setup
texlive-kpathsea-lib
texlive-kpathsea-lib
popt
libpng
redhat-release-server
libsepol
texlive-kpathsea-bin
libcom_err
glibc-common
krb5-libs
nss-softokn-freebl
gmp
libjpeg-turbo
pcre
ncurses
coreutils
libX11-common
libstdc++
gawk
p11-kit-trust
tzdata
findutils
libffi
libxcb
gd
libattr
python-magic
pcre
bash
basesystem
readline
expat
sqlite
libacl
glibc
zlib
p11-kit-trust
ncurses
libgcc
libverto
grep
file-libs
nss-util
libtasn1
libselinux
nss-softokn-freebl
nspr
gmp
nspr
ca-certificates
ncurses-base
libdb
nss-util
ncurses-libs
expat
libcap
filesystem
zlib
openssl-libs
p11-kit
keyutils-libs
info
chkconfig
glibc
keyutils-libs
python-libs
p11-kit
libgcc
bzip2-libs
setup
popt
redhat-release-server
libsepol
libcom_err
glibc-common
krb5-libs
nss-softokn-freebl
gmp
gdbm
pcre
file-libs
coreutils
libffi
libstdc++
python
gawk
p11-kit-trust
tzdata
libffi
file
sed
libattr
file-libs
pcre
bash
basesystem
glibc
libgcc
nss-util
libselinux
nspr
nspr
ncurses-base
nss-util
ncurses-libs
filesystem
zlib
glibc
libgcc
setup
redhat-release-server
libsepol
glibc-common
nss-softokn-freebl
pcre
libstdc++
tzdata
file
pcre
bash
basesystem
glibc
zlib
libgcc
file-libs
nss-util
libselinux
nspr
nspr
ncurses-base
nss-util
ncurses-libs
filesystem
zlib
glibc
libgcc
setup
redhat-release-server
libsepol
glibc-common
nss-softokn-freebl
pcre
file-libs
libstdc++
tzdata
gtk-update-icon-cache
pcre
pkgconfig
bash
basesystem
libxml2
glib2
glibc
jbigkit-libs
zlib
xz-libs
libgcc
nss-util
libselinux
nspr
nspr
ncurses-base
jasper-libs
nss-util
ncurses-libs
libX11
filesystem
shared-mime-info
libXau
glibc
pkgconfig
libgcc
setup
glib2
libpng
redhat-release-server
libsepol
glibc-common
nss-softokn-freebl
libjpeg-turbo
pcre
gdk-pixbuf2
libtiff
libX11-common
libstdc++
tzdata
libffi
libxcb
shared-mime-info
pcre
bash
basesystem
libxml2
glib2
libacl
glibc
zlib
xz-libs
p11-kit-trust
libgcc
libverto
grep
nss-util
libtasn1
libselinux
nss-softokn-freebl
nspr
nspr
ca-certificates
ncurses-base
nss-util
ncurses-libs
libcap
filesystem
openssl-libs
p11-kit
shared-mime-info
keyutils-libs
info
chkconfig
glibc
keyutils-libs
gmp
p11-kit
libgcc
setup
glib2
popt
redhat-release-server
libsepol
libcom_err
glibc-common
krb5-libs
nss-softokn-freebl
gmp
pcre
ncurses
coreutils
libffi
libstdc++
gawk
p11-kit-trust
tzdata
libffi
sed
libattr
osinfo-db
device-mapper
shadow-utils
libpwquality
systemd-libs
openssl-libs
libtasn1
libselinux
ca-certificates
libssh2
libpwquality
hardlink
shared-mime-info
cracklib
libmount
libblkid
gmp
elfutils-libs
libgcc
device-mapper-libs
elfutils-libelf
redhat-release-server
kmod
bzip2-libs
pcre
diffutils
ncurses
libacl
libffi
acl
xz
libutempter
p11-kit-trust
elfutils-default-yama-scope
tzdata
libffi
pkgconfig
basesystem
libxml2
cracklib
glibc
xz-libs
systemd-libs
nss-softokn
libgcc
libverto
nss-util
libstdc++
nss-softokn-freebl
nspr
json-c
findutils
libgcrypt
dbus
p11-kit
keyutils-libs
nss
keyutils-libs
binutils
setup
libdb
libcom_err
krb5-libs
gmp
diffutils
libidn
nss
libuser
pcre
bash
util-linux
audit-libs
glib2
libuuid
cracklib-dicts
procps-ng
bzip2-libs
nspr
util-linux
libdb
systemd
ncurses-libs
libcap
libsemanage
libuuid
openldap
info
chkconfig
procps-ng
ustr
pkgconfig
libmount
libgpg-error
ncurses-libs
device-mapper-libs
libacl
lz4
libcap-ng
cyrus-sasl-lib
gawk
libgcrypt
audit-libs
nss-tools
libblkid
libselinux
libsepol
sqlite
pam
zlib
gzip
kpartx
pam
grep
dbus-libs
cpio
glib2
hwdata
readline
hwdata
ncurses-base
nss-util
expat
filesystem
qrencode-libs
libcurl
p11-kit
nss-sysinit
xz-libs
popt
p11-kit-trust
libsepol
kmod-libs
glibc-common
nss-softokn-freebl
dracut
coreutils
cryptsetup-libs
glibc
sed
libattr
libcurl
pcre
bash
basesystem
sqlite
libacl
glibc
zlib
cyrus-sasl-lib
libidn
p11-kit-trust
nss-softokn
libgcc
libverto
grep
openldap
nss-util
libtasn1
libselinux
nss-softokn-freebl
nspr
readline
nspr
ca-certificates
ncurses-base
libdb
nss-util
libssh2
ncurses-libs
libcap
filesystem
openssl-libs
p11-kit
keyutils-libs
info
chkconfig
glibc
keyutils-libs
gmp
p11-kit
libgcc
nss-sysinit
setup
nss-pem
popt
redhat-release-server
libsepol
libcom_err
glibc-common
krb5-libs
nss-softokn-freebl
gmp
pcre
ncurses
nss
nss-tools
coreutils
libffi
libstdc++
gawk
p11-kit-trust
nss
tzdata
libffi
sed
libattr
curl
elfutils-libelf
rpm
rpm-libs
openssl-libs
libtasn1
libselinux
ca-certificates
krb5-libs
libssh2
readline
gmp
libgcc
sqlite
redhat-release-server
bzip2-libs
pcre
ncurses
libacl
libffi
libidn
openldap
p11-kit-trust
tzdata
libffi
basesystem
glibc
libverto
xz-libs
nss-softokn
libgcc
nss-util
libstdc++
nss-softokn-freebl
nspr
findutils
p11-kit
keyutils-libs
nss
keyutils-libs
setup
nss-pem
libdb
libcom_err
krb5-libs
gmp
nss
nss-tools
lua
pcre
bash
audit-libs
nspr
libdb
openssl-libs
ncurses-libs
libcap
info
chkconfig
ncurses-libs
curl
libdb-utils
gawk
cyrus-sasl-lib
libselinux
zlib
grep
readline
libcom_err
ncurses-base
nss-util
filesystem
zlib
libcurl
libcurl
p11-kit
nss-sysinit
nss-softokn
popt
p11-kit-trust
libsepol
glibc-common
nss-softokn-freebl
coreutils
glibc
sed
libattr
kernel
device-mapper
initscripts
shadow-utils
libpwquality
systemd-libs
openssl-libs
iptables
libtasn1
libselinux
ca-certificates
libssh2
libpwquality
hardlink
shared-mime-info
cracklib
dbus
libblkid
gmp
elfutils-libs
libgcc
device-mapper-libs
elfutils-libelf
redhat-release-server
kmod
systemd-libs
bzip2-libs
pcre
diffutils
ncurses
libacl
libffi
acl
xz
libutempter
p11-kit-trust
elfutils-default-yama-scope
tzdata
libffi
pkgconfig
basesystem
libxml2
cracklib
glibc
xz-libs
libnfnetlink
libidn
nss-softokn
libgcc
libverto
nss-util
libstdc++
nss-softokn-freebl
nspr
json-c
findutils
libgcrypt
libmount
p11-kit
keyutils-libs
nss
keyutils-libs
binutils
setup
libcom_err
krb5-libs
gmp
diffutils
nss
nss-tools
pcre
bash
util-linux
audit-libs
iputils
glib2
libuuid
cracklib-dicts
procps-ng
bzip2-libs
nspr
util-linux
libdb
systemd
ncurses-libs
libcap
libsemanage
libuuid
openldap
info
chkconfig
procps-ng
libnetfilter_conntrack
ustr
pkgconfig
iproute
libmount
libgpg-error
ncurses-libs
device-mapper-libs
libacl
lz4
libcap-ng
cyrus-sasl-lib
gawk
libgcrypt
audit-libs
libuser
libblkid
libselinux
libsepol
sysvinit-tools
sqlite
pam
zlib
gzip
kpartx
pam
grep
dbus-libs
libmnl
cpio
glib2
readline
ncurses-base
nss-util
expat
filesystem
zlib
grubby
qrencode-libs
libcurl
p11-kit
linux-firmware
nss-sysinit
xz-libs
hostname
popt
p11-kit-trust
libsepol
kmod-libs
glibc-common
nss-softokn-freebl
dracut
tar
coreutils
cryptsetup-libs
glibc
sed
libattr
python-perf
pcre
bash
basesystem
readline
sqlite
libacl
glibc
zlib
p11-kit-trust
expat
libgcc
libverto
grep
nss-util
libtasn1
libselinux
nss-softokn-freebl
nspr
gmp
nspr
ca-certificates
ncurses-base
libdb
nss-util
ncurses-libs
expat
libcap
filesystem
openssl-libs
p11-kit
keyutils-libs
info
chkconfig
glibc
keyutils-libs
python-libs
p11-kit
libgcc
bzip2-libs
setup
popt
redhat-release-server
libsepol
libcom_err
glibc-common
krb5-libs
nss-softokn-freebl
gmp
gdbm
pcre
ncurses
coreutils
libffi
libstdc++
python
gawk
p11-kit-trust
tzdata
libffi
sed
libattr
kernel-tools-libs
pcre
bash
basesystem
glibc
libgcc
nss-util
libselinux
nspr
nspr
ncurses-base
nss-util
ncurses-libs
filesystem
glibc
libgcc
setup
redhat-release-server
libsepol
glibc-common
nss-softokn-freebl
pcre
libstdc++
tzdata
kernel-tools
pcre
bash
basesystem
glibc
kernel-tools-libs
libgcc
nss-util
libselinux
nspr
nspr
ncurses-base
nss-util
ncurses-libs
filesystem
glibc
libgcc
setup
redhat-release-server
libsepol
glibc-common
nss-softokn-freebl
pcre
libstdc++
tzdata
pciutils-libs
expat
pcre
bash
basesystem
glibc
libgcc
nss-util
libselinux
nspr
nspr
ncurses-base
nss-util
ncurses-libs
filesystem
glibc
libgcc
setup
redhat-release-server
libsepol
glibc-common
nss-softokn-freebl
pcre
libstdc++
tzdata
rsyslog
device-mapper
shadow-utils
libpwquality
systemd-libs
logrotate
openssl-libs
libtasn1
libselinux
ca-certificates
libssh2
libpwquality
hardlink
shared-mime-info
cracklib
libmount
libblkid
gmp
elfutils-libs
libgcc
bzip2-libs
device-mapper-libs
popt
elfutils-libelf
redhat-release-server
kmod
libestr
pcre
diffutils
ncurses
libacl
libffi
acl
xz
libutempter
p11-kit-trust
elfutils-default-yama-scope
tzdata
libffi
pkgconfig
basesystem
libxml2
cracklib
glibc
xz-libs
systemd-libs
nss-softokn
libgcc
libverto
nss-util
libstdc++
nss-softokn-freebl
nspr
json-c
findutils
libgcrypt
dbus
p11-kit
p11-kit
keyutils-libs
nss
keyutils-libs
binutils
setup
libestr
libdb
libcom_err
krb5-libs
gmp
diffutils
libidn
nss
libuser
pcre
bash
util-linux
audit-libs
glib2
libuuid
cracklib-dicts
procps-ng
bzip2-libs
nspr
util-linux
libdb
systemd
ncurses-libs
libcap
libsemanage
libuuid
openldap
info
chkconfig
procps-ng
ustr
pkgconfig
libmount
libgpg-error
ncurses-libs
device-mapper-libs
libacl
lz4
libcap-ng
cyrus-sasl-lib
gawk
libgcrypt
audit-libs
nss-tools
libblkid
libselinux
libsepol
sqlite
pam
zlib
gzip
dbus-libs
pam
grep
kpartx
cpio
glib2
readline
ncurses-base
nss-util
expat
filesystem
qrencode-libs
libcurl
libfastjson
nss-sysinit
xz-libs
popt
p11-kit-trust
libsepol
kmod-libs
glibc-common
nss-softokn-freebl
dracut
coreutils
cryptsetup-libs
glibc
sed
libattr
ipmitool
device-mapper
shadow-utils
libpwquality
systemd-libs
openssl-libs
libtasn1
libselinux
ca-certificates
libssh2
libpwquality
hardlink
shared-mime-info
cracklib
libmount
libblkid
gmp
elfutils-libs
libgcc
device-mapper-libs
elfutils-libelf
redhat-release-server
kmod
systemd-libs
bzip2-libs
pcre
diffutils
ncurses
libacl
libffi
acl
xz
libutempter
p11-kit-trust
elfutils-default-yama-scope
tzdata
libffi
OpenIPMI-modalias
pkgconfig
basesystem
libxml2
cracklib
glibc
xz-libs
libidn
nss-softokn
libgcc
libverto
nss-util
libstdc++
nss-softokn-freebl
nspr
json-c
findutils
libgcrypt
dbus
p11-kit
keyutils-libs
nss
keyutils-libs
python-libs
binutils
setup
libcom_err
krb5-libs
gmp
diffutils
nss
nss-tools
pcre
bash
util-linux
audit-libs
glib2
libuuid
cracklib-dicts
expat
procps-ng
bzip2-libs
nspr
util-linux
libdb
systemd
ncurses-libs
libcap
libsemanage
libuuid
openldap
info
chkconfig
procps-ng
ustr
pkgconfig
libmount
libgpg-error
ncurses-libs
device-mapper-libs
libacl
lz4
python
libcap-ng
cyrus-sasl-lib
gawk
libgcrypt
audit-libs
libuser
libblkid
libselinux
libsepol
sqlite
pam
zlib
gzip
kpartx
pam
grep
dbus-libs
cpio
glib2
readline
ncurses-base
nss-util
expat
filesystem
qrencode-libs
libcurl
p11-kit
nss-sysinit
xz-libs
popt
p11-kit-trust
libsepol
kmod-libs
glibc-common
nss-softokn-freebl
dracut
gdbm
coreutils
cryptsetup-libs
systemd-sysv
glibc
sed
libattr
libicu
pcre
bash
basesystem
glibc
libgcc
nss-util
libselinux
nspr
nspr
ncurses-base
nss-util
ncurses-libs
filesystem
glibc
libgcc
setup
redhat-release-server
libsepol
glibc-common
nss-softokn-freebl
pcre
libstdc++
tzdata
sudo
pcre
bash
basesystem
libselinux
audit-libs
nss-softokn
libacl
glibc
pam
zlib
cyrus-sasl-lib
nss
p11-kit-trust
gzip
audit-libs
libgcc
pam
grep
openldap
nss-util
libtasn1
libselinux
nss-softokn-freebl
nspr
readline
nspr
ca-certificates
ncurses-base
libdb
cracklib-dicts
nss-util
ncurses-libs
libgcrypt
libcap
filesystem
libpwquality
libpwquality
openssl-libs
p11-kit
keyutils-libs
cracklib
info
chkconfig
glibc
keyutils-libs
gmp
p11-kit
libgcc
nss-sysinit
cracklib
setup
libgpg-error
libverto
sqlite
popt
redhat-release-server
libsepol
libdb
vim-minimal
libcom_err
glibc-common
krb5-libs
nss-softokn-freebl
gmp
pcre
ncurses
nss
nss-tools
coreutils
libffi
libstdc++
gawk
p11-kit-trust
tzdata
libffi
sed
libattr
sqlite
pcre
info
bash
basesystem
glibc
zlib
libgcc
nss-util
libselinux
nspr
nspr
ncurses-base
nss-util
ncurses-libs
filesystem
readline
glibc
libgcc
setup
ncurses-libs
redhat-release-server
libsepol
glibc-common
nss-softokn-freebl
pcre
libstdc++
tzdata
libarchive
pcre
bash
basesystem
openssl-libs
libselinux
openssl-libs
glibc
libverto
nss-softokn-freebl
p11-kit-trust
libgcc
grep
nss-util
libtasn1
libselinux
bzip2-libs
nspr
nspr
ca-certificates
ncurses-base
zlib
nss-util
ncurses-libs
libcap
krb5-libs
filesystem
zlib
libacl
p11-kit
keyutils-libs
info
chkconfig
glibc
libxml2
keyutils-libs
gmp
p11-kit
libgcc
libattr
libacl
setup
xz-libs
lzo
popt
redhat-release-server
libsepol
glibc-common
nss-softokn-freebl
gmp
pcre
ncurses
coreutils
libffi
libstdc++
libcom_err
gawk
p11-kit-trust
tzdata
libffi
sed
libattr
perl-Git
device-mapper
git
openssh-clients
shadow-utils
libpwquality
systemd-libs
openssl-libs
libtasn1
libselinux
libgcrypt
ca-certificates
libssh2
libpwquality
hardlink
perl-TermReadKey
shared-mime-info
perl-Storable
dbus
libblkid
perl-macros
gmp
libedit
libgcc
groff-base
device-mapper-libs
perl-Error
elfutils-libelf
redhat-release-server
libgcrypt
kmod
systemd-libs
bzip2-libs
pcre
diffutils
ncurses
libacl
libffi
acl
libstdc++
libutempter
p11-kit-trust
elfutils-default-yama-scope
tzdata
libffi
kmod-libs
fipscheck
pkgconfig
basesystem
libxml2
cracklib
glibc
xz-libs
libidn
nss-softokn
libgcc
libverto
nss-util
xz
nss-softokn-freebl
nspr
perl-Pod-Escapes
perl-File-Temp
perl-constant
perl-Pod-Simple
perl-Time-Local
libmount
p11-kit
keyutils-libs
fipscheck-lib
qrencode-libs
nss
keyutils-libs
python-libs
binutils
setup
libdb
libcom_err
krb5-libs
gmp
diffutils
nss
nss-tools
perl-Getopt-Long
perl-Time-HiRes
pcre
bash
util-linux
audit-libs
perl-libs
glib2
libuuid
cracklib-dicts
expat
perl-parent
procps-ng
bzip2-libs
nspr
util-linux
libdb
systemd
ncurses-libs
libcap
libsemanage
libuuid
perl-File-Path
perl-Pod-Perldoc
info
perl-podlators
chkconfig
procps-ng
less
ustr
pkgconfig
libmount
libgpg-error
dracut
perl-Filter
ncurses-libs
device-mapper-libs
libacl
lz4
openldap
pam
python
libcap-ng
cyrus-sasl-lib
perl-HTTP-Tiny
perl-Exporter
gawk
cracklib
perl-Scalar-List-Utils
perl-PathTools
audit-libs
libuser
libblkid
libselinux
libsepol
sqlite
perl-Carp
zlib
perl-threads-shared
gzip
dbus-libs
pam
grep
kpartx
cpio
glib2
perl-Encode
readline
ncurses-base
nss-util
rsync
perl
perl-Git
expat
filesystem
zlib
elfutils-libs
perl-Socket
perl-libs
libcurl
p11-kit
nss-sysinit
xz-libs
popt
p11-kit-trust
libsepol
perl-threads
glibc-common
nss-softokn-freebl
perl-Pod-Usage
openssh
gdbm
coreutils
cryptsetup-libs
json-c
glibc
findutils
perl-Text-ParseWords
sed
libattr
git
device-mapper
git
openssh-clients
shadow-utils
libpwquality
systemd-libs
openssl-libs
libtasn1
libselinux
libgcrypt
ca-certificates
libssh2
libpwquality
hardlink
perl-TermReadKey
shared-mime-info
perl-Storable
dbus
libblkid
perl-macros
gmp
libedit
libgcc
groff-base
device-mapper-libs
perl-Error
elfutils-libelf
redhat-release-server
libgcrypt
kmod
systemd-libs
bzip2-libs
pcre
diffutils
ncurses
libacl
libffi
acl
libstdc++
libutempter
p11-kit-trust
elfutils-default-yama-scope
tzdata
libffi
kmod-libs
fipscheck
pkgconfig
basesystem
libxml2
cracklib
glibc
xz-libs
libidn
nss-softokn
libgcc
libverto
nss-util
xz
nss-softokn-freebl
nspr
perl-Pod-Escapes
perl-File-Temp
perl-constant
perl-Pod-Simple
perl-Time-Local
libmount
p11-kit
keyutils-libs
fipscheck-lib
qrencode-libs
nss
keyutils-libs
python-libs
binutils
setup
libdb
libcom_err
krb5-libs
gmp
diffutils
nss
nss-tools
perl-Getopt-Long
perl-Time-HiRes
pcre
bash
util-linux
audit-libs
perl-libs
glib2
libuuid
cracklib-dicts
expat
perl-parent
procps-ng
bzip2-libs
nspr
util-linux
libdb
systemd
ncurses-libs
libcap
libsemanage
libuuid
perl-File-Path
perl-Pod-Perldoc
info
perl-podlators
chkconfig
procps-ng
less
ustr
pkgconfig
libmount
libgpg-error
dracut
perl-Filter
ncurses-libs
device-mapper-libs
libacl
lz4
openldap
pam
python
libcap-ng
cyrus-sasl-lib
perl-HTTP-Tiny
perl-Exporter
gawk
cracklib
perl-Scalar-List-Utils
perl-PathTools
audit-libs
libuser
libblkid
libselinux
libsepol
sqlite
perl-Carp
zlib
perl-threads-shared
gzip
dbus-libs
pam
grep
kpartx
cpio
glib2
perl-Encode
readline
ncurses-base
nss-util
rsync
perl
perl-Git
expat
filesystem
zlib
elfutils-libs
perl-Socket
perl-libs
libcurl
p11-kit
nss-sysinit
xz-libs
popt
p11-kit-trust
libsepol
perl-threads
glibc-common
nss-softokn-freebl
perl-Pod-Usage
openssh
gdbm
coreutils
cryptsetup-libs
json-c
glibc
findutils
perl-Text-ParseWords
sed
libattr
fribidi
pcre
bash
basesystem
glibc
libgcc
nss-util
libselinux
nspr
nspr
ncurses-base
nss-util
ncurses-libs
filesystem
glibc
libgcc
setup
redhat-release-server
libsepol
glibc-common
nss-softokn-freebl
pcre
libstdc++
tzdata
nss-softokn-freebl
pcre
bash
basesystem
glibc
libgcc
nss-util
libselinux
nspr
nspr
ncurses-base
nss-util
ncurses-libs
filesystem
glibc
libgcc
setup
redhat-release-server
libsepol
glibc-common
nss-softokn-freebl
pcre
libstdc++
tzdata
nss-softokn
pcre
bash
basesystem
sqlite
glibc
zlib
libgcc
nss-util
libselinux
nspr
readline
nspr
ncurses-base
nss-util
ncurses-libs
filesystem
info
glibc
libgcc
setup
redhat-release-server
libsepol
glibc-common
nss-softokn-freebl
pcre
libstdc++
tzdata
nss-util
pcre
bash
basesystem
glibc
libgcc
nss-util
libselinux
nspr
nspr
ncurses-base
nss-util
ncurses-libs
filesystem
glibc
libgcc
setup
redhat-release-server
libsepol
glibc-common
nss-softokn-freebl
pcre
libstdc++
tzdata
nss-tools
pcre
bash
basesystem
sqlite
libacl
glibc
chkconfig
p11-kit-trust
nss-softokn
libgcc
libverto
grep
nss-util
libtasn1
libselinux
nss-softokn-freebl
nspr
readline
nspr
ca-certificates
ncurses-base
nss-util
ncurses-libs
p11-kit-trust
libcap
filesystem
openssl-libs
p11-kit
keyutils-libs
info
nss
glibc
keyutils-libs
gmp
p11-kit
libgcc
nss-sysinit
setup
popt
redhat-release-server
libsepol
libcom_err
glibc-common
krb5-libs
nss-softokn-freebl
gmp
pcre
ncurses
nss
coreutils
libffi
libstdc++
gawk
zlib
tzdata
libffi
sed
libattr
nss-sysinit
pcre
bash
basesystem
nss-pem
libacl
glibc
zlib
nss
p11-kit-trust
nss-softokn
libgcc
libverto
grep
nss-util
libtasn1
libselinux
nss-softokn-freebl
nspr
readline
nspr
ca-certificates
ncurses-base
nss-util
ncurses-libs
libcap
filesystem
openssl-libs
p11-kit
keyutils-libs
info
chkconfig
glibc
keyutils-libs
gmp
p11-kit
libgcc
nss-sysinit
setup
sqlite
popt
redhat-release-server
libsepol
libcom_err
glibc-common
krb5-libs
nss-softokn-freebl
gmp
pcre
ncurses
nss
coreutils
libffi
libstdc++
gawk
p11-kit-trust
tzdata
libffi
sed
libattr
nss
pcre
info
bash
basesystem
libacl
glibc
sqlite
zlib
nss
p11-kit-trust
libgcc
libverto
grep
nss-util
libtasn1
libselinux
nss-softokn-freebl
nspr
nspr
ca-certificates
ncurses-base
nss-util
ncurses-libs
libcap
filesystem
openssl-libs
p11-kit
keyutils-libs
readline
chkconfig
glibc
keyutils-libs
gmp
p11-kit
libgcc
nss-sysinit
nss-softokn
setup
ncurses-libs
popt
nss-pem
redhat-release-server
libsepol
libcom_err
glibc-common
krb5-libs
nss-softokn-freebl
gmp
pcre
ncurses
nss
coreutils
libffi
libstdc++
gawk
p11-kit-trust
tzdata
libffi
sed
libattr
patch
pcre
bash
basesystem
glibc
libgcc
nss-util
libselinux
nspr
nspr
ncurses-base
nss-util
ncurses-libs
filesystem
glibc
libgcc
setup
redhat-release-server
libsepol
glibc-common
nss-softokn-freebl
pcre
libstdc++
tzdata
libattr
openssl-libs
pcre
bash
basesystem
libselinux
libacl
glibc
libverto
zlib
p11-kit-trust
libgcc
grep
nss-util
libtasn1
libselinux
nss-softokn-freebl
nspr
nspr
ca-certificates
ncurses-base
nss-util
ncurses-libs
libcap
krb5-libs
filesystem
zlib
openssl-libs
p11-kit
keyutils-libs
info
chkconfig
glibc
keyutils-libs
gmp
p11-kit
libgcc
setup
openssl-libs
popt
redhat-release-server
libsepol
glibc-common
nss-softokn-freebl
gmp
pcre
ncurses
coreutils
libffi
libstdc++
libcom_err
gawk
p11-kit-trust
tzdata
libffi
sed
libattr
openssl
pcre
bash
basesystem
libacl
glibc
zlib
p11-kit-trust
libgcc
libverto
grep
nss-util
make
libtasn1
libselinux
nss-softokn-freebl
nspr
nspr
ca-certificates
ncurses-base
nss-util
ncurses-libs
libcap
filesystem
openssl-libs
p11-kit
keyutils-libs
info
chkconfig
glibc
keyutils-libs
gmp
p11-kit
libgcc
setup
popt
redhat-release-server
libsepol
libcom_err
glibc-common
krb5-libs
nss-softokn-freebl
gmp
pcre
ncurses
coreutils
libffi
libstdc++
gawk
p11-kit-trust
tzdata
libffi
sed
libattr
nspr
pcre
bash
basesystem
glibc
libgcc
nss-util
libselinux
nspr
nspr
ncurses-base
nss-util
ncurses-libs
filesystem
glibc
libgcc
setup
redhat-release-server
libsepol
glibc-common
nss-softokn-freebl
pcre
libstdc++
tzdata
elfutils-default-yama-scope
device-mapper
shadow-utils
libpwquality
systemd-libs
openssl-libs
libtasn1
libselinux
ca-certificates
libssh2
libpwquality
hardlink
shared-mime-info
cracklib
libmount
libblkid
gmp
elfutils-libs
libgcc
device-mapper-libs
elfutils-libelf
redhat-release-server
kmod
bzip2-libs
pcre
diffutils
ncurses
libacl
libffi
acl
xz
libutempter
p11-kit-trust
elfutils-default-yama-scope
tzdata
libffi
pkgconfig
basesystem
libxml2
cracklib
glibc
xz-libs
systemd-libs
nss-softokn
libgcc
libverto
nss-util
libstdc++
nss-softokn-freebl
nspr
json-c
findutils
libgcrypt
dbus
p11-kit
keyutils-libs
nss
keyutils-libs
binutils
setup
libdb
libcom_err
krb5-libs
gmp
diffutils
libidn
nss
libuser
pcre
bash
util-linux
audit-libs
glib2
libuuid
cracklib-dicts
procps-ng
bzip2-libs
nspr
util-linux
libdb
systemd
ncurses-libs
libcap
libsemanage
libuuid
openldap
info
chkconfig
procps-ng
ustr
pkgconfig
libmount
libgpg-error
ncurses-libs
device-mapper-libs
libacl
lz4
libcap-ng
cyrus-sasl-lib
gawk
libgcrypt
audit-libs
nss-tools
libblkid
libselinux
libsepol
sqlite
pam
zlib
gzip
kpartx
pam
grep
dbus-libs
cpio
glib2
readline
ncurses-base
nss-util
expat
filesystem
qrencode-libs
libcurl
p11-kit
nss-sysinit
xz-libs
popt
p11-kit-trust
libsepol
kmod-libs
glibc-common
nss-softokn-freebl
dracut
coreutils
cryptsetup-libs
glibc
sed
libattr
elfutils-libs
device-mapper
shadow-utils
libpwquality
systemd-libs
openssl-libs
libtasn1
libselinux
ca-certificates
libssh2
libpwquality
hardlink
shared-mime-info
cracklib
libmount
libblkid
gmp
elfutils-libs
libgcc
device-mapper-libs
elfutils-libelf
redhat-release-server
kmod
bzip2-libs
pcre
diffutils
ncurses
libacl
libffi
acl
xz
libutempter
p11-kit-trust
elfutils-default-yama-scope
tzdata
libffi
pkgconfig
basesystem
libxml2
cracklib
glibc
xz-libs
systemd-libs
nss-softokn
libgcc
libverto
nss-util
libstdc++
nss-softokn-freebl
nspr
json-c
findutils
libgcrypt
dbus
p11-kit
keyutils-libs
nss
keyutils-libs
binutils
setup
libdb
libcom_err
krb5-libs
gmp
diffutils
libidn
nss
libuser
pcre
bash
util-linux
audit-libs
glib2
libuuid
cracklib-dicts
procps-ng
bzip2-libs
nspr
util-linux
libdb
systemd
ncurses-libs
libcap
libsemanage
libuuid
openldap
info
chkconfig
procps-ng
ustr
pkgconfig
libmount
libgpg-error
ncurses-libs
device-mapper-libs
libacl
lz4
libcap-ng
cyrus-sasl-lib
gawk
libgcrypt
audit-libs
nss-tools
libblkid
libselinux
libsepol
sqlite
pam
zlib
gzip
kpartx
pam
grep
dbus-libs
cpio
glib2
readline
ncurses-base
nss-util
expat
filesystem
qrencode-libs
libcurl
p11-kit
nss-sysinit
xz-libs
popt
p11-kit-trust
libsepol
kmod-libs
glibc-common
nss-softokn-freebl
dracut
coreutils
cryptsetup-libs
glibc
sed
libattr
elfutils-libelf
pcre
bash
basesystem
glibc
zlib
libgcc
nss-util
libselinux
nspr
nspr
ncurses-base
nss-util
ncurses-libs
filesystem
glibc
libgcc
setup
redhat-release-server
libsepol
glibc-common
nss-softokn-freebl
pcre
libstdc++
tzdata
elfutils
device-mapper
shadow-utils
libpwquality
systemd-libs
openssl-libs
libtasn1
libselinux
ca-certificates
libssh2
libpwquality
hardlink
shared-mime-info
cracklib
libmount
libblkid
gmp
elfutils-libs
libgcc
device-mapper-libs
elfutils-libelf
redhat-release-server
kmod
bzip2-libs
pcre
diffutils
ncurses
libacl
libffi
acl
xz
libutempter
p11-kit-trust
elfutils-default-yama-scope
tzdata
libffi
pkgconfig
basesystem
libxml2
cracklib
glibc
xz-libs
systemd-libs
nss-softokn
libgcc
libverto
nss-util
libstdc++
nss-softokn-freebl
nspr
json-c
findutils
libgcrypt
dbus
p11-kit
keyutils-libs
nss
keyutils-libs
binutils
setup
libdb
libcom_err
krb5-libs
gmp
diffutils
libidn
nss
libuser
pcre
bash
util-linux
audit-libs
glib2
libuuid
cracklib-dicts
procps-ng
bzip2-libs
nspr
util-linux
libdb
systemd
ncurses-libs
libcap
libsemanage
libuuid
openldap
info
chkconfig
procps-ng
ustr
pkgconfig
libmount
libgpg-error
ncurses-libs
device-mapper-libs
libacl
lz4
libcap-ng
cyrus-sasl-lib
gawk
libgcrypt
audit-libs
nss-tools
libblkid
libselinux
libsepol
sqlite
pam
zlib
gzip
kpartx
pam
grep
dbus-libs
cpio
glib2
readline
ncurses-base
nss-util
expat
filesystem
qrencode-libs
libcurl
p11-kit
nss-sysinit
xz-libs
popt
p11-kit-trust
libsepol
kmod-libs
glibc-common
nss-softokn-freebl
dracut
coreutils
cryptsetup-libs
glibc
sed
libattr
procps-ng
device-mapper
shadow-utils
libpwquality
systemd-libs
openssl-libs
libtasn1
libselinux
ca-certificates
libssh2
libpwquality
hardlink
shared-mime-info
cracklib
libmount
libblkid
gmp
elfutils-libs
libgcc
device-mapper-libs
elfutils-libelf
redhat-release-server
kmod
bzip2-libs
pcre
diffutils
ncurses
libacl
libffi
acl
xz
libutempter
p11-kit-trust
elfutils-default-yama-scope
tzdata
libffi
pkgconfig
basesystem
libxml2
cracklib
glibc
xz-libs
systemd-libs
nss-softokn
libgcc
libverto
nss-util
libstdc++
nss-softokn-freebl
nspr
json-c
findutils
libgcrypt
dbus
p11-kit
keyutils-libs
nss
keyutils-libs
binutils
setup
libdb
libcom_err
krb5-libs
gmp
diffutils
libidn
nss
libuser
pcre
bash
util-linux
audit-libs
glib2
libuuid
cracklib-dicts
procps-ng
bzip2-libs
nspr
util-linux
libdb
systemd
ncurses-libs
libcap
libsemanage
libuuid
openldap
info
chkconfig
procps-ng
ustr
pkgconfig
libmount
libgpg-error
device-mapper-libs
libacl
lz4
libcap-ng
cyrus-sasl-lib
gawk
libgcrypt
audit-libs
nss-tools
libblkid
libselinux
libsepol
sqlite
pam
zlib
gzip
kpartx
pam
grep
dbus-libs
cpio
glib2
readline
ncurses-base
nss-util
expat
filesystem
qrencode-libs
libcurl
p11-kit
nss-sysinit
xz-libs
popt
p11-kit-trust
libsepol
kmod-libs
glibc-common
nss-softokn-freebl
dracut
coreutils
cryptsetup-libs
glibc
sed
libattr
iwl2030-firmware
iwl6050-firmware
iwl5000-firmware
iwl4965-firmware
iwl3945-firmware
iwl135-firmware
iwl7260-firmware
linux-firmware
pcre
bash
basesystem
glibc
libgcc
nss-util
libselinux
nspr
nspr
ncurses-base
nss-util
ncurses-libs
filesystem
glibc
libgcc
setup
redhat-release-server
libsepol
glibc-common
nss-softokn-freebl
pcre
libstdc++
tzdata
iwl3160-firmware
iwl1000-firmware
iwl6000-firmware
iwl105-firmware
iwl2000-firmware
iwl100-firmware
iwl7265-firmware
iwl6000g2b-firmware
iwl6000g2a-firmware
iwl5150-firmware
libssh2
pcre
bash
basesystem
libselinux
openssl-libs
glibc
libverto
zlib
p11-kit-trust
libgcc
grep
nss-util
libtasn1
libselinux
nss-softokn-freebl
nspr
nspr
ca-certificates
ncurses-base
nss-util
ncurses-libs
libcap
krb5-libs
filesystem
zlib
openssl-libs
p11-kit
keyutils-libs
info
chkconfig
glibc
keyutils-libs
gmp
p11-kit
libgcc
libacl
setup
popt
redhat-release-server
libsepol
glibc-common
nss-softokn-freebl
gmp
pcre
ncurses
coreutils
libffi
libstdc++
libcom_err
gawk
p11-kit-trust
tzdata
libffi
sed
libattr
glibc-common
pcre
bash
basesystem
glibc
libgcc
nss-util
libselinux
nspr
nspr
ncurses-base
nss-util
ncurses-libs
filesystem
tzdata
libgcc
setup
redhat-release-server
libsepol
glibc-common
nss-softokn-freebl
pcre
libstdc++
glibc
glibc
pcre
glibc
bash
libselinux
basesystem
tzdata
pcre
libstdc++
libgcc
ncurses-libs
ncurses-base
nss-softokn-freebl
glibc
filesystem
redhat-release-server
libsepol
setup
libgcc
glibc-common
systemd-libs
pcre
bash
basesystem
sed
libselinux
audit-libs
elfutils-libelf
libacl
glibc
zlib
libgpg-error
p11-kit-trust
gzip
audit-libs
libgcc
pam
grep
nss-util
libtasn1
libselinux
bzip2-libs
nspr
nspr
ca-certificates
ncurses-base
cracklib-dicts
nss-util
cracklib
ncurses-libs
libcap
filesystem
zlib
libpwquality
openssl-libs
elfutils-libs
keyutils-libs
nss-softokn-freebl
info
chkconfig
glibc
keyutils-libs
gmp
p11-kit
libgcc
libattr
cracklib
setup
xz-libs
libverto
libpwquality
popt
redhat-release-server
libsepol
libdb
libcom_err
glibc-common
krb5-libs
nss-softokn-freebl
gmp
pcre
ncurses
p11-kit
lz4
coreutils
libffi
libstdc++
gawk
p11-kit-trust
tzdata
libcap
libffi
libgcrypt
libattr
systemd-sysv
device-mapper
shadow-utils
libpwquality
systemd-libs
openssl-libs
libtasn1
libselinux
ca-certificates
libssh2
libpwquality
hardlink
shared-mime-info
cracklib
libmount
libblkid
gmp
elfutils-libs
libgcc
device-mapper-libs
elfutils-libelf
redhat-release-server
kmod
bzip2-libs
pcre
diffutils
ncurses
libacl
libffi
acl
xz
libutempter
p11-kit-trust
elfutils-default-yama-scope
tzdata
libffi
pkgconfig
basesystem
libxml2
cracklib
glibc
xz-libs
systemd-libs
nss-softokn
libgcc
libverto
nss-util
libstdc++
nss-softokn-freebl
nspr
json-c
findutils
libgcrypt
dbus
p11-kit
keyutils-libs
nss
keyutils-libs
python-libs
binutils
setup
libdb
libcom_err
krb5-libs
gmp
diffutils
libidn
nss
libuser
pcre
bash
util-linux
audit-libs
glib2
libuuid
cracklib-dicts
expat
procps-ng
bzip2-libs
nspr
util-linux
libdb
systemd
ncurses-libs
libcap
libsemanage
libuuid
openldap
info
chkconfig
procps-ng
ustr
pkgconfig
libmount
libgpg-error
ncurses-libs
device-mapper-libs
libacl
lz4
python
libcap-ng
cyrus-sasl-lib
gawk
libgcrypt
audit-libs
nss-tools
libblkid
libselinux
libsepol
sqlite
pam
zlib
gzip
dbus-libs
pam
grep
kpartx
cpio
glib2
readline
ncurses-base
nss-util
expat
filesystem
qrencode-libs
libcurl
p11-kit
nss-sysinit
xz-libs
popt
p11-kit-trust
libsepol
kmod-libs
glibc-common
nss-softokn-freebl
dracut
gdbm
coreutils
cryptsetup-libs
glibc
sed
libattr
libgudev1
device-mapper
shadow-utils
libpwquality
systemd-libs
openssl-libs
libtasn1
libselinux
ca-certificates
libssh2
libpwquality
hardlink
shared-mime-info
cracklib
dbus
libblkid
gmp
elfutils-libs
libgcc
device-mapper-libs
elfutils-libelf
redhat-release-server
kmod
bzip2-libs
pcre
diffutils
ncurses
libacl
libffi
acl
libstdc++
libutempter
p11-kit-trust
elfutils-default-yama-scope
tzdata
libffi
pkgconfig
basesystem
libxml2
cracklib
glibc
xz-libs
systemd-libs
nss-softokn
libgcc
libverto
nss-util
xz
nss-softokn-freebl
nspr
json-c
findutils
libgcrypt
libmount
p11-kit
keyutils-libs
nss
keyutils-libs
binutils
setup
libdb
libcom_err
krb5-libs
gmp
diffutils
libidn
nss
libuser
pcre
bash
util-linux
audit-libs
glib2
libuuid
cracklib-dicts
procps-ng
bzip2-libs
nspr
util-linux
libdb
systemd
ncurses-libs
libcap
libsemanage
libuuid
openldap
info
chkconfig
procps-ng
ustr
pkgconfig
libmount
libgpg-error
ncurses-libs
device-mapper-libs
libacl
lz4
libcap-ng
cyrus-sasl-lib
gawk
libgcrypt
audit-libs
nss-tools
libblkid
libselinux
libsepol
sqlite
pam
zlib
gzip
dbus-libs
pam
grep
kpartx
cpio
glib2
readline
ncurses-base
nss-util
expat
filesystem
zlib
qrencode-libs
libcurl
p11-kit
nss-sysinit
xz-libs
popt
p11-kit-trust
libsepol
kmod-libs
glibc-common
nss-softokn-freebl
dracut
coreutils
cryptsetup-libs
glibc
sed
libattr
systemd
device-mapper
shadow-utils
libpwquality
systemd-libs
openssl-libs
libtasn1
libselinux
ca-certificates
libssh2
libpwquality
hardlink
shared-mime-info
cracklib
libmount
libblkid
gmp
elfutils-libs
libgcc
device-mapper-libs
elfutils-libelf
redhat-release-server
kmod
bzip2-libs
pcre
diffutils
ncurses
libacl
libffi
acl
xz
libutempter
p11-kit-trust
elfutils-default-yama-scope
tzdata
libffi
pkgconfig
basesystem
libxml2
cracklib
glibc
xz-libs
systemd-libs
nss-softokn
libgcc
libverto
nss-util
libstdc++
nss-softokn-freebl
nspr
json-c
findutils
libgcrypt
dbus
p11-kit
keyutils-libs
nss
keyutils-libs
binutils
setup
libdb
libcom_err
krb5-libs
gmp
diffutils
libidn
nss
libuser
pcre
bash
util-linux
audit-libs
glib2
libuuid
cracklib-dicts
procps-ng
bzip2-libs
nspr
util-linux
libdb
systemd
ncurses-libs
libcap
libsemanage
libuuid
openldap
info
chkconfig
procps-ng
ustr
pkgconfig
libmount
libgpg-error
ncurses-libs
device-mapper-libs
libacl
lz4
libcap-ng
cyrus-sasl-lib
gawk
libgcrypt
audit-libs
nss-tools
libblkid
libselinux
libsepol
sqlite
pam
zlib
gzip
kpartx
pam
grep
dbus-libs
cpio
glib2
readline
ncurses-base
nss-util
expat
filesystem
qrencode-libs
libcurl
p11-kit
nss-sysinit
xz-libs
popt
p11-kit-trust
libsepol
kmod-libs
glibc-common
nss-softokn-freebl
dracut
coreutils
cryptsetup-libs
glibc
sed
libattr
binutils
pcre
bash
basesystem
libacl
glibc
zlib
p11-kit-trust
libgcc
libverto
grep
nss-util
libtasn1
libselinux
nss-softokn-freebl
nspr
nspr
ca-certificates
ncurses-base
nss-util
ncurses-libs
libcap
filesystem
openssl-libs
p11-kit
keyutils-libs
info
chkconfig
glibc
keyutils-libs
gmp
p11-kit
libgcc
setup
popt
redhat-release-server
libsepol
libcom_err
glibc-common
krb5-libs
nss-softokn-freebl
gmp
pcre
ncurses
coreutils
libffi
libstdc++
gawk
p11-kit-trust
tzdata
libffi
sed
libattr
libcgroup
device-mapper
shadow-utils
libpwquality
systemd-libs
openssl-libs
libtasn1
libselinux
ca-certificates
libssh2
libpwquality
hardlink
shared-mime-info
cracklib
libmount
libblkid
gmp
elfutils-libs
libgcc
device-mapper-libs
elfutils-libelf
redhat-release-server
kmod
bzip2-libs
pcre
diffutils
ncurses
libacl
libffi
acl
xz
libutempter
p11-kit-trust
elfutils-default-yama-scope
tzdata
libffi
pkgconfig
basesystem
libxml2
cracklib
glibc
xz-libs
systemd-libs
nss-softokn
libgcc
libverto
nss-util
libstdc++
nss-softokn-freebl
nspr
json-c
findutils
libgcrypt
dbus
p11-kit
keyutils-libs
nss
keyutils-libs
binutils
setup
libdb
libcom_err
krb5-libs
gmp
diffutils
libidn
nss
libuser
pcre
bash
util-linux
audit-libs
glib2
libuuid
cracklib-dicts
procps-ng
bzip2-libs
nspr
util-linux
libdb
systemd
ncurses-libs
libcap
libsemanage
libuuid
openldap
info
chkconfig
procps-ng
ustr
pkgconfig
libmount
libgpg-error
ncurses-libs
device-mapper-libs
libacl
lz4
libcap-ng
cyrus-sasl-lib
gawk
libgcrypt
audit-libs
nss-tools
libblkid
libselinux
libsepol
sqlite
pam
zlib
gzip
kpartx
pam
grep
dbus-libs
cpio
glib2
readline
ncurses-base
nss-util
expat
filesystem
qrencode-libs
libcurl
p11-kit
nss-sysinit
xz-libs
popt
p11-kit-trust
libsepol
kmod-libs
glibc-common
nss-softokn-freebl
dracut
coreutils
cryptsetup-libs
glibc
sed
libattr
ruby-irb
pcre
rubygem-io-console
bash
basesystem
rubygems
rubygem-bigdecimal
rubygem-rdoc
libacl
glibc
zlib
rubygem-psych
p11-kit-trust
libgcc
libverto
grep
nss-util
ruby-irb
libtasn1
libselinux
nss-softokn-freebl
nspr
readline
nspr
ca-certificates
ncurses-base
libdb
nss-util
ncurses-libs
ruby-libs
ruby-libs
libcap
filesystem
openssl-libs
p11-kit
keyutils-libs
info
chkconfig
glibc
keyutils-libs
gmp
p11-kit
libgcc
setup
ruby
popt
redhat-release-server
libsepol
libcom_err
glibc-common
krb5-libs
nss-softokn-freebl
gmp
gdbm
pcre
ncurses
libyaml
coreutils
libffi
rubygem-json
libstdc++
gawk
p11-kit-trust
tzdata
libffi
sed
libattr
rubygems
pcre
rubygem-io-console
bash
basesystem
rubygems
rubygem-bigdecimal
rubygem-rdoc
libacl
glibc
zlib
rubygem-psych
p11-kit-trust
libgcc
libverto
grep
nss-util
ruby-irb
libtasn1
libselinux
nss-softokn-freebl
nspr
readline
nspr
ca-certificates
ncurses-base
libdb
nss-util
ncurses-libs
ruby-libs
ruby-libs
libcap
filesystem
openssl-libs
p11-kit
keyutils-libs
info
chkconfig
glibc
keyutils-libs
gmp
p11-kit
libgcc
setup
ruby
popt
redhat-release-server
libsepol
libcom_err
glibc-common
krb5-libs
nss-softokn-freebl
gmp
gdbm
pcre
ncurses
libyaml
coreutils
libffi
rubygem-json
libstdc++
gawk
p11-kit-trust
tzdata
libffi
sed
libattr
rubygem-rdoc
pcre
rubygem-io-console
bash
basesystem
rubygems
rubygem-bigdecimal
rubygem-rdoc
libacl
glibc
zlib
rubygem-psych
p11-kit-trust
libgcc
libverto
grep
nss-util
ruby-irb
libtasn1
libselinux
nss-softokn-freebl
nspr
readline
nspr
ca-certificates
ncurses-base
libdb
nss-util
ncurses-libs
ruby-libs
ruby-libs
libcap
filesystem
openssl-libs
p11-kit
keyutils-libs
info
chkconfig
glibc
keyutils-libs
gmp
p11-kit
libgcc
setup
ruby
popt
redhat-release-server
libsepol
libcom_err
glibc-common
krb5-libs
nss-softokn-freebl
gmp
gdbm
pcre
ncurses
libyaml
coreutils
libffi
rubygem-json
libstdc++
gawk
p11-kit-trust
tzdata
libffi
sed
libattr
rubygem-bigdecimal
pcre
rubygem-io-console
bash
basesystem
rubygems
rubygem-bigdecimal
rubygem-rdoc
libacl
glibc
zlib
rubygem-psych
p11-kit-trust
libgcc
libverto
grep
nss-util
ruby-irb
libtasn1
libselinux
nss-softokn-freebl
nspr
readline
nspr
ca-certificates
ncurses-base
libdb
nss-util
ncurses-libs
ruby-libs
ruby-libs
libcap
filesystem
openssl-libs
p11-kit
keyutils-libs
info
chkconfig
glibc
keyutils-libs
gmp
p11-kit
libgcc
setup
ruby
popt
redhat-release-server
libsepol
libcom_err
glibc-common
krb5-libs
nss-softokn-freebl
gmp
gdbm
pcre
ncurses
libyaml
coreutils
libffi
rubygem-json
libstdc++
gawk
p11-kit-trust
tzdata
libffi
sed
libattr
rubygem-json
pcre
rubygem-io-console
bash
basesystem
rubygems
rubygem-bigdecimal
rubygem-rdoc
libacl
glibc
zlib
rubygem-psych
p11-kit-trust
libgcc
libverto
grep
nss-util
ruby-irb
libtasn1
libselinux
nss-softokn-freebl
nspr
readline
nspr
ca-certificates
ncurses-base
libdb
nss-util
ncurses-libs
ruby-libs
ruby-libs
libcap
filesystem
openssl-libs
p11-kit
keyutils-libs
info
chkconfig
glibc
keyutils-libs
gmp
p11-kit
libgcc
setup
ruby
popt
redhat-release-server
libsepol
libcom_err
glibc-common
krb5-libs
nss-softokn-freebl
gmp
gdbm
pcre
ncurses
libyaml
coreutils
libffi
rubygem-json
libstdc++
gawk
p11-kit-trust
tzdata
libffi
sed
libattr
ruby
pcre
rubygem-io-console
bash
basesystem
rubygems
rubygem-bigdecimal
rubygem-rdoc
libacl
glibc
zlib
rubygem-psych
p11-kit-trust
libgcc
libverto
grep
nss-util
ruby-irb
libtasn1
libselinux
nss-softokn-freebl
nspr
readline
nspr
ca-certificates
ncurses-base
libdb
nss-util
ncurses-libs
ruby-libs
ruby-libs
libcap
filesystem
openssl-libs
p11-kit
keyutils-libs
info
chkconfig
glibc
keyutils-libs
gmp
p11-kit
libgcc
setup
ruby
popt
redhat-release-server
libsepol
libcom_err
glibc-common
krb5-libs
nss-softokn-freebl
gmp
gdbm
pcre
ncurses
libyaml
coreutils
libffi
rubygem-json
libstdc++
gawk
p11-kit-trust
tzdata
libffi
sed
libattr
rubygem-psych
pcre
rubygem-io-console
bash
basesystem
rubygems
rubygem-bigdecimal
rubygem-rdoc
libacl
glibc
zlib
rubygem-psych
p11-kit-trust
libgcc
libverto
grep
nss-util
ruby-irb
libtasn1
libselinux
nss-softokn-freebl
nspr
readline
nspr
ca-certificates
ncurses-base
libdb
nss-util
ncurses-libs
ruby-libs
ruby-libs
libcap
filesystem
openssl-libs
p11-kit
keyutils-libs
info
chkconfig
glibc
keyutils-libs
gmp
p11-kit
libgcc
setup
ruby
popt
redhat-release-server
libsepol
libcom_err
glibc-common
krb5-libs
nss-softokn-freebl
gmp
gdbm
pcre
ncurses
libyaml
coreutils
libffi
rubygem-json
libstdc++
gawk
p11-kit-trust
tzdata
libffi
sed
libattr
rubygem-io-console
pcre
rubygem-io-console
bash
basesystem
rubygems
rubygem-bigdecimal
rubygem-rdoc
libacl
glibc
zlib
rubygem-psych
p11-kit-trust
libgcc
libverto
grep
nss-util
ruby-irb
libtasn1
libselinux
nss-softokn-freebl
nspr
readline
nspr
ca-certificates
ncurses-base
libdb
nss-util
ncurses-libs
ruby-libs
ruby-libs
libcap
filesystem
openssl-libs
p11-kit
keyutils-libs
info
chkconfig
glibc
keyutils-libs
gmp
p11-kit
libgcc
setup
ruby
popt
redhat-release-server
libsepol
libcom_err
glibc-common
krb5-libs
nss-softokn-freebl
gmp
gdbm
pcre
ncurses
libyaml
coreutils
libffi
rubygem-json
libstdc++
gawk
p11-kit-trust
tzdata
libffi
sed
libattr
ruby-libs
pcre
gdbm
bash
basesystem
libselinux
openssl-libs
glibc
libverto
zlib
p11-kit-trust
libgcc
grep
nss-util
libtasn1
libselinux
nss-softokn-freebl
nspr
nspr
ca-certificates
ncurses-base
nss-util
ncurses-libs
libcap
krb5-libs
filesystem
zlib
openssl-libs
p11-kit
keyutils-libs
info
chkconfig
glibc
keyutils-libs
gmp
p11-kit
libgcc
readline
libacl
setup
ncurses-libs
popt
redhat-release-server
libsepol
libdb
glibc-common
nss-softokn-freebl
gmp
pcre
ncurses
coreutils
libffi
libstdc++
libcom_err
gawk
p11-kit-trust
tzdata
libffi
sed
libattr
vim-minimal
pcre
bash
basesystem
glibc
libgcc
nss-util
libselinux
nspr
nspr
ncurses-base
nss-util
ncurses-libs
filesystem
glibc
libgcc
setup
redhat-release-server
libsepol
glibc-common
nss-softokn-freebl
pcre
libacl
libstdc++
tzdata
libattr
wget
pcre
bash
basesystem
libacl
glibc
zlib
libidn
p11-kit-trust
libgcc
libverto
grep
libuuid
nss-util
libtasn1
libselinux
nss-softokn-freebl
nspr
nspr
ca-certificates
ncurses-base
nss-util
ncurses-libs
libcap
filesystem
openssl-libs
p11-kit
keyutils-libs
info
chkconfig
glibc
keyutils-libs
gmp
p11-kit
libgcc
setup
popt
redhat-release-server
libsepol
libcom_err
glibc-common
krb5-libs
nss-softokn-freebl
gmp
pcre
ncurses
coreutils
libffi
libstdc++
gawk
p11-kit-trust
tzdata
libffi
sed
libattr
perl
pcre
info
bash
basesystem
perl-libs
perl-Encode
glibc
perl-Carp
zlib
perl-threads-shared
libgcc
perl-parent
nss-util
perl-Exporter
libselinux
nspr
nspr
perl-Pod-Escapes
ncurses-base
perl-constant
nss-util
perl
ncurses-libs
perl-Pod-Simple
perl-Time-Local
filesystem
perl-File-Path
perl-Pod-Perldoc
perl-Storable
perl-PathTools
perl-podlators
perl-Socket
glibc
perl-libs
perl-macros
libgcc
groff-base
setup
perl-Filter
redhat-release-server
libsepol
perl-threads
glibc-common
nss-softokn-freebl
sed
gdbm
pcre
perl-HTTP-Tiny
libstdc++
perl-Getopt-Long
tzdata
perl-File-Temp
perl-Text-ParseWords
perl-Time-HiRes
perl-Pod-Usage
perl-Scalar-List-Utils
perl-libs
pcre
info
bash
basesystem
perl-libs
perl-Encode
glibc
perl-Carp
zlib
perl-threads-shared
libgcc
perl-parent
nss-util
perl-Exporter
libselinux
nspr
nspr
perl-Pod-Escapes
ncurses-base
perl-constant
nss-util
perl
ncurses-libs
perl-Pod-Simple
perl-Time-Local
filesystem
perl-File-Path
perl-Pod-Perldoc
perl-Storable
perl-PathTools
perl-podlators
perl-Socket
glibc
perl-libs
perl-macros
libgcc
groff-base
setup
perl-Filter
redhat-release-server
libsepol
perl-threads
glibc-common
nss-softokn-freebl
sed
gdbm
pcre
perl-HTTP-Tiny
libstdc++
perl-Getopt-Long
tzdata
perl-File-Temp
perl-Text-ParseWords
perl-Time-HiRes
perl-Pod-Usage
perl-Scalar-List-Utils
perl-macros
pcre
info
bash
basesystem
perl-libs
perl-Encode
glibc
perl-Carp
zlib
perl-threads-shared
libgcc
perl-parent
nss-util
perl-Exporter
libselinux
nspr
nspr
perl-Pod-Escapes
ncurses-base
perl-constant
nss-util
perl
ncurses-libs
perl-Pod-Simple
perl-Time-Local
filesystem
perl-File-Path
perl-Pod-Perldoc
perl-Storable
perl-PathTools
perl-podlators
perl-Socket
glibc
perl-libs
perl-macros
libgcc
groff-base
setup
perl-Filter
redhat-release-server
libsepol
perl-threads
glibc-common
nss-softokn-freebl
sed
gdbm
pcre
perl-HTTP-Tiny
libstdc++
perl-Getopt-Long
tzdata
perl-File-Temp
perl-Text-ParseWords
perl-Time-HiRes
perl-Pod-Usage
perl-Scalar-List-Utils
perl-Pod-Escapes
pcre
info
bash
basesystem
perl-libs
perl-Encode
glibc
perl-Carp
zlib
perl-threads-shared
libgcc
perl-parent
nss-util
perl-Exporter
libselinux
nspr
nspr
perl-Pod-Escapes
ncurses-base
perl-constant
nss-util
perl
ncurses-libs
perl-Pod-Simple
perl-Time-Local
filesystem
perl-File-Path
perl-Pod-Perldoc
perl-Storable
perl-PathTools
perl-podlators
perl-Socket
glibc
perl-libs
perl-macros
libgcc
groff-base
setup
perl-Filter
redhat-release-server
libsepol
perl-threads
glibc-common
nss-softokn-freebl
sed
gdbm
pcre
perl-HTTP-Tiny
libstdc++
perl-Getopt-Long
tzdata
perl-File-Temp
perl-Text-ParseWords
perl-Time-HiRes
perl-Pod-Usage
perl-Scalar-List-Utils
NetworkManager-tui
device-mapper
slang
polkit
shadow-utils
libpwquality
polkit-pkla-compat
mozjs17
systemd-libs
openssl-libs
libtasn1
libselinux
ca-certificates
libssh2
libpwquality
hardlink
shared-mime-info
cracklib
libmount
libblkid
gmp
elfutils-libs
libgcc
device-mapper-libs
elfutils-libelf
redhat-release-server
kmod
bzip2-libs
pcre
diffutils
ncurses
libndp
libacl
libffi
acl
libstdc++
libutempter
p11-kit-trust
elfutils-default-yama-scope
tzdata
libffi
pkgconfig
basesystem
libxml2
cracklib
glibc
xz-libs
systemd-libs
nss-softokn
libgcc
libverto
nss-util
xz
nss-softokn-freebl
nspr
json-c
findutils
libgcrypt
NetworkManager
dbus
p11-kit
keyutils-libs
nss
keyutils-libs
python-libs
binutils
setup
libnl3
libdb
libcom_err
krb5-libs
gmp
diffutils
libidn
nss
libuser
pcre
bash
util-linux
audit-libs
glib2
libuuid
cracklib-dicts
expat
procps-ng
bzip2-libs
nspr
util-linux
libdb
systemd
ncurses-libs
libcap
libsemanage
libuuid
openldap
info
chkconfig
procps-ng
ustr
pkgconfig
libmount
libgpg-error
ncurses-libs
device-mapper-libs
libacl
lz4
python
libcap-ng
cyrus-sasl-lib
gawk
libgcrypt
audit-libs
nss-tools
wpa_supplicant
libblkid
libselinux
libsepol
sqlite
pam
zlib
gzip
dbus-libs
pam
grep
kpartx
cpio
glib2
readline
ncurses-base
nss-util
expat
filesystem
NetworkManager-libnm
polkit
qrencode-libs
libcurl
p11-kit
nss-sysinit
xz-libs
popt
p11-kit-trust
libsepol
kmod-libs
glibc-common
nss-softokn-freebl
dracut
gdbm
coreutils
cryptsetup-libs
systemd-sysv
glibc
newt
sed
libattr
NetworkManager
device-mapper
polkit
shadow-utils
libpwquality
polkit-pkla-compat
mozjs17
systemd-libs
openssl-libs
libtasn1
libselinux
ca-certificates
libssh2
libpwquality
hardlink
shared-mime-info
cracklib
libmount
libblkid
gmp
elfutils-libs
libgcc
device-mapper-libs
elfutils-libelf
redhat-release-server
kmod
bzip2-libs
pcre
diffutils
ncurses
libndp
libacl
libffi
acl
libstdc++
libutempter
p11-kit-trust
elfutils-default-yama-scope
tzdata
libffi
pkgconfig
basesystem
libxml2
cracklib
glibc
xz-libs
systemd-libs
nss-softokn
libgcc
libverto
nss-util
xz
nss-softokn-freebl
nspr
json-c
findutils
libgcrypt
dbus
p11-kit
keyutils-libs
nss
keyutils-libs
python-libs
binutils
setup
libnl3
libdb
libcom_err
krb5-libs
gmp
diffutils
libidn
nss
libuser
pcre
bash
util-linux
audit-libs
glib2
libuuid
cracklib-dicts
expat
procps-ng
bzip2-libs
nspr
util-linux
libdb
systemd
ncurses-libs
libcap
libsemanage
libuuid
openldap
info
chkconfig
procps-ng
ustr
pkgconfig
libmount
libgpg-error
ncurses-libs
device-mapper-libs
libacl
lz4
python
libcap-ng
cyrus-sasl-lib
gawk
libgcrypt
audit-libs
nss-tools
wpa_supplicant
libblkid
libselinux
libsepol
sqlite
pam
zlib
gzip
dbus-libs
pam
grep
kpartx
cpio
glib2
readline
ncurses-base
nss-util
expat
filesystem
NetworkManager-libnm
polkit
qrencode-libs
libcurl
p11-kit
nss-sysinit
xz-libs
popt
p11-kit-trust
libsepol
kmod-libs
glibc-common
nss-softokn-freebl
dracut
gdbm
coreutils
cryptsetup-libs
systemd-sysv
glibc
sed
libattr
NetworkManager-team
device-mapper
polkit
libnl3
shadow-utils
libpwquality
polkit-pkla-compat
teamd
mozjs17
systemd-libs
openssl-libs
libtasn1
libselinux
libteam
ca-certificates
libssh2
libpwquality
hardlink
shared-mime-info
cracklib
libmount
libblkid
gmp
elfutils-libs
libnl3-cli
libgcc
device-mapper-libs
elfutils-libelf
redhat-release-server
kmod
bzip2-libs
pcre
diffutils
ncurses
libndp
libacl
libffi
acl
libstdc++
libutempter
p11-kit-trust
elfutils-default-yama-scope
tzdata
libffi
pkgconfig
basesystem
libxml2
cracklib
glibc
xz-libs
systemd-libs
nss-softokn
libgcc
libverto
nss-util
xz
nss-softokn-freebl
nspr
json-c
findutils
libgcrypt
NetworkManager
dbus
p11-kit
keyutils-libs
nss
keyutils-libs
python-libs
binutils
setup
libnl3
libdb
libcom_err
krb5-libs
gmp
diffutils
libidn
nss
libuser
pcre
bash
util-linux
audit-libs
glib2
libuuid
cracklib-dicts
expat
procps-ng
bzip2-libs
nspr
util-linux
libdb
libteam
jansson
systemd
ncurses-libs
libcap
libsemanage
libuuid
openldap
info
chkconfig
procps-ng
ustr
pkgconfig
libmount
libgpg-error
libdaemon
ncurses-libs
device-mapper-libs
libacl
lz4
python
libcap-ng
cyrus-sasl-lib
gawk
libgcrypt
audit-libs
nss-tools
wpa_supplicant
libblkid
libselinux
libsepol
sqlite
pam
zlib
gzip
dbus-libs
pam
grep
kpartx
cpio
glib2
readline
ncurses-base
nss-util
expat
filesystem
NetworkManager-libnm
polkit
qrencode-libs
libcurl
p11-kit
nss-sysinit
xz-libs
popt
p11-kit-trust
libsepol
kmod-libs
glibc-common
nss-softokn-freebl
dracut
gdbm
coreutils
cryptsetup-libs
systemd-sysv
glibc
sed
libattr
NetworkManager-libnm
libpwquality
libgpg-error
openssl-libs
libtasn1
libselinux
ca-certificates
libpwquality
shared-mime-info
cracklib
readline
libblkid
gmp
libgcc
sqlite
redhat-release-server
pcre
ncurses
libacl
libffi
systemd-libs
p11-kit-trust
tzdata
libffi
pkgconfig
basesystem
libxml2
cracklib
glibc
xz-libs
libgcc
libverto
nss-util
libstdc++
nss-softokn-freebl
nspr
libmount
p11-kit
keyutils-libs
nss
keyutils-libs
setup
nss-pem
libdb
libcom_err
krb5-libs
gmp
nss
pcre
bash
audit-libs
glib2
libuuid
cracklib-dicts
bzip2-libs
nspr
ncurses-libs
libcap
libuuid
elfutils-libs
info
chkconfig
pkgconfig
ncurses-libs
gawk
libgcrypt
audit-libs
libblkid
libselinux
elfutils-libelf
zlib
gzip
pam
grep
glib2
ncurses-base
nss-util
filesystem
zlib
p11-kit
nss-sysinit
nss-softokn
xz-libs
popt
p11-kit-trust
libsepol
glibc-common
nss-softokn-freebl
coreutils
glibc
libcap
sed
libattr
NetworkManager-config-server
krb5-libs
pcre
bash
basesystem
libacl
glibc
zlib
p11-kit-trust
libgcc
libverto
grep
nss-util
libtasn1
libselinux
nss-softokn-freebl
nspr
nspr
ca-certificates
ncurses-base
nss-util
ncurses-libs
libcap
filesystem
openssl-libs
p11-kit
keyutils-libs
info
chkconfig
glibc
keyutils-libs
gmp
p11-kit
libgcc
setup
popt
redhat-release-server
libsepol
libcom_err
glibc-common
krb5-libs
nss-softokn-freebl
gmp
pcre
ncurses
coreutils
libffi
libstdc++
gawk
p11-kit-trust
tzdata
libffi
sed
libattr
