Repo ID:   rhel-7-server-optional-beta-rpms
Failed to set locale, defaulting to C
Loaded plugins: product-id, search-disabled-repos, subscription-manager
Examining /var/tmp/yum-root-x2Ttj4/latest-rsawaroha-release.rpm: rsawaroha-release-1-1.noarch
/var/tmp/yum-root-x2Ttj4/latest-rsawaroha-release.rpm: does not update installed package.
Error: Nothing to do
[WARNING]: No inventory was parsed, only implicit localhost is available
localhost | FAILED! => {
    "ansible_facts": {
        "pkg_mgr": "yum"
    },
    "changed": true,
    "changes": {
        "installed": [
            "rhsecapi"
        ],
        "updated": []
    },
    "msg": "warning: /var/cache/yum/x86_64/7Server/rsawaroha/packages/rhsecapi-1.0.1-1.x86_64.rpm: Header V4 RSA/SHA256 Signature, key ID 4c4ffd02: NOKEY\nImporting GPG key 0x4C4FFD02:\n Userid     : \"Ryan Sawhill Aroha <rsaw@redhat.com>\"\n Fingerprint: bac2 74b8 9f6b 5907 b3d0 e467 fba4 72a7 4c4f fd02\n Package    : rsawaroha-release-1-1.noarch (@/latest-rsawaroha-release)\n From       : /etc/pki/rpm-gpg/RPM-GPG-KEY-rsaw.aroha\nError unpacking rpm package python-urllib3-1.10.2-7.el7.noarch\n",
    "obsoletes": {
        "iwl7265-firmware": {
            "dist": "noarch",
            "repo": "@anaconda/7.7",
            "version": "22.0.7.0-72.el7"
        }
    },
    "rc": 1,
    "results": [
        "Loaded plugins: product-id, search-disabled-repos, subscription-manager\nResolving Dependencies\n--> Running transaction check\n---> Package rhsecapi.x86_64 0:1.0.1-1 will be installed\n--> Processing Dependency: python-requests for package: rhsecapi-1.0.1-1.x86_64\n--> Running transaction check\n---> Package python-requests.noarch 0:2.6.0-9.el7_7 will be installed\n--> Processing Dependency: python-urllib3 >= 1.10.2-1 for package: python-requests-2.6.0-9.el7_7.noarch\n--> Running transaction check\n---> Package python-urllib3.noarch 0:1.10.2-7.el7 will be installed\n--> Finished Dependency Resolution\n\nDependencies Resolved\n\n================================================================================\n Package             Arch       Version            Repository              Size\n================================================================================\nInstalling:\n rhsecapi            x86_64     1.0.1-1            rsawaroha               58 k\nInstalling for dependencies:\n python-requests     noarch     2.6.0-9.el7_7      rhel-7-server-rpms      94 k\n python-urllib3      noarch     1.10.2-7.el7       dvd                    103 k\n\nTransaction Summary\n================================================================================\nInstall  1 Package (+2 Dependent packages)\n\nTotal download size: 255 k\nInstalled size: 916 k\nDownloading packages:\nPublic key for rhsecapi-1.0.1-1.x86_64.rpm is not installed\n--------------------------------------------------------------------------------\nTotal                                              161 kB/s | 255 kB  00:01     \nRetrieving key from file:///etc/pki/rpm-gpg/RPM-GPG-KEY-rsaw.aroha\nRunning transaction check\nRunning transaction test\nTransaction test succeeded\nRunning transaction\n  Installing : python-urllib3-1.10.2-7.el7.noarch                           1/3 \nerror: unpacking of archive failed on file /usr/lib/python2.7/site-packages/urllib3/packages/ssl_match_hostname: cpio: rename\n  Installing : python-requests-2.6.0-9.el7_7.noarch                         2/3 \nerror: python-urllib3-1.10.2-7.el7.noarch: install failed\n  Installing : rhsecapi-1.0.1-1.x86_64                                      3/3 \n  Verifying  : python-requests-2.6.0-9.el7_7.noarch                         1/3 \n  Verifying  : rhsecapi-1.0.1-1.x86_64                                      2/3 \n  Verifying  : python-urllib3-1.10.2-7.el7.noarch                           3/3 \n\nInstalled:\n  rhsecapi.x86_64 0:1.0.1-1                                                     \n\nDependency Installed:\n  python-requests.noarch 0:2.6.0-9.el7_7                                        \n\nFailed:\n  python-urllib3.noarch 0:1.10.2-7.el7                                          \n\nComplete!\n"
    ]
}
[WARNING]: No inventory was parsed, only implicit localhost is available
localhost | CHANGED => {
    "changed": true,
    "cmd": [
        "/usr/bin/pip3",
        "install",
        "pika"
    ],
    "name": [
        "pika"
    ],
    "requirements": null,
    "state": "present",
    "stderr": "WARNING: Running pip install with root privileges is generally not a good idea. Try `pip3 install --user` instead.\n",
    "stderr_lines": [
        "WARNING: Running pip install with root privileges is generally not a good idea. Try `pip3 install --user` instead."
    ],
    "stdout": "Collecting pika\n  Downloading https://files.pythonhosted.org/packages/a1/ae/8bedf0e9f1c0c5d046db3a7428a4227fe36ec1b8e25607f3c38ac9bf513c/pika-1.1.0-py2.py3-none-any.whl (148kB)\nInstalling collected packages: pika\nSuccessfully installed pika-1.1.0\n",
    "stdout_lines": [
        "Collecting pika",
        "  Downloading https://files.pythonhosted.org/packages/a1/ae/8bedf0e9f1c0c5d046db3a7428a4227fe36ec1b8e25607f3c38ac9bf513c/pika-1.1.0-py2.py3-none-any.whl (148kB)",
        "Installing collected packages: pika",
        "Successfully installed pika-1.1.0"
    ],
    "version": null,
    "virtualenv": null
}
GNU Wget 1.14 built on linux-gnu.

+digest +https +ipv6 +iri +large-file +nls +ntlm +opie +ssl/openssl 

Wgetrc: 
    /etc/wgetrc (system)
Locale: /usr/share/locale 
Compile: gcc -DHAVE_CONFIG_H -DSYSTEM_WGETRC="/etc/wgetrc" 
    -DLOCALEDIR="/usr/share/locale" -I. -I../lib -I../lib -O2 -g -pipe 
    -Wall -Wp,-D_FORTIFY_SOURCE=2 -fexceptions -fstack-protector-strong 
    --param=ssp-buffer-size=4 -grecord-gcc-switches -m64 -mtune=generic 
Link: gcc -O2 -g -pipe -Wall -Wp,-D_FORTIFY_SOURCE=2 -fexceptions 
    -fstack-protector-strong --param=ssp-buffer-size=4 
    -grecord-gcc-switches -m64 -mtune=generic -lssl -lcrypto 
    /usr/lib64/libssl.so /usr/lib64/libcrypto.so /usr/lib64/libz.so 
    -ldl -lz -lz -lidn -luuid -lpcre ftp-opie.o openssl.o http-ntlm.o 
    ../lib/libgnu.a 

Copyright (C) 2011 Free Software Foundation, Inc.
License GPLv3+: GNU GPL version 3 or later
<http://www.gnu.org/licenses/gpl.html>.
This is free software: you are free to change and redistribute it.
There is NO WARRANTY, to the extent permitted by law.

Originally written by Hrvoje Niksic <hniksic@xemacs.org>.
Please send bug reports and questions to <bug-wget@gnu.org>.
curl 7.29.0 (x86_64-redhat-linux-gnu) libcurl/7.29.0 NSS/3.44 zlib/1.2.7 libidn/1.28 libssh2/1.4.3
Protocols: dict file ftp ftps gopher http https imap imaps ldap ldaps pop3 pop3s rtsp scp sftp smtp smtps telnet tftp 
Features: AsynchDNS GSS-Negotiate IDN IPv6 Largefile NTLM NTLM_WB SSL libz unix-sockets 
rsync  version 3.1.2  protocol version 31
Copyright (C) 1996-2015 by Andrew Tridgell, Wayne Davison, and others.
Web site: http://rsync.samba.org/
Capabilities:
    64-bit files, 64-bit inums, 64-bit timestamps, 64-bit long ints,
    socketpairs, hardlinks, symlinks, IPv6, batchfiles, inplace,
    append, ACLs, xattrs, iconv, symtimes, prealloc

rsync comes with ABSOLUTELY NO WARRANTY.  This is free software, and you
are welcome to redistribute it under certain conditions.  See the GNU
General Public Licence for details.
gcc (GCC) 4.8.5 20150623 (Red Hat 4.8.5-39)
Copyright (C) 2015 Free Software Foundation, Inc.
This is free software; see the source for copying conditions.  There is NO
warranty; not even for MERCHANTABILITY or FITNESS FOR A PARTICULAR PURPOSE.

RPM version 4.11.3
ansible 2.9.6
  config file = None
  configured module search path = ['/root/.ansible/plugins/modules', '/usr/share/ansible/plugins/modules']
  ansible python module location = /usr/local/lib/python3.6/site-packages/ansible
  executable location = /usr/local/bin/ansible
  python version = 3.6.8 (default, Jun 11 2019, 15:15:01) [GCC 4.8.5 20150623 (Red Hat 4.8.5-39)]
Python 2.7.5
Failed to set locale, defaulting to C
yumdownloader - 1.0 (yum - 3.4.3)
createrepo 0.9.9
jq-1.6
Docker version 1.13.1, build cccb291/1.13.1
pip 8.1.2 from /usr/lib/python2.7/site-packages (python 2.7)
pip 9.0.3 from /usr/lib/python3.6/site-packages (python 3.6)
[WARNING]: No inventory was parsed, only implicit localhost is available
localhost | CHANGED => {
    "changed": true,
    "comment": "",
    "create_home": true,
    "group": 1000,
    "groups": "dockerroot",
    "home": "/home/wakausr",
    "name": "wakausr",
    "shell": "/bin/bash",
    "ssh_fingerprint": "2048 SHA256:ELC7hTZe1O52npV9p7QXr3l4muFRMZMPd9mrEODH5uU ansible-generated on ws (RSA)",
    "ssh_key_file": "/home/wakausr/.ssh/id_rsa",
    "ssh_public_key": "ssh-rsa AAAAB3NzaC1yc2EAAAADAQABAAABAQDSs84hVZM9/+vONPxDZLSEsDGWgt2V2KgyoBdQ1+kUgj270V2NZgclj91B6rO7yuPXs9B+Icg/INi/1GXTD1sj/9+MrcrLFIDC8dXNujk0IZ03n2/0xdz08K2arMCTuRN72IrjXoZOPeXBiu7GMloPJ/4CN41XbXDbk+aSXozHF7KAM3fYI0M+fJpIE1TAlpNOULOBWSubdaySLl7w81fioet02l/1h1cwPQ4s7WkXYYeEEHzOY9gYfQ8k6K+Hnv1nGcNRv362QWBJl+w2YlTDmV63QV86Hv9fFtUM1rg7MZqe3xWSt776MJCSd662fV1RCaaeHSr0pYcdZ+kaAsYb ansible-generated on ws",
    "state": "present",
    "system": false,
    "uid": 1000
}
[WARNING]: No inventory was parsed, only implicit localhost is available
localhost | CHANGED => {
    "changed": true,
    "checksum": "78528625bdb9519370c8e92a5b0cbcc2d8338464",
    "dest": "/etc/sudoers.d/wakausr",
    "gid": 0,
    "group": "root",
    "md5sum": "5a74b599c6bfc2ecb5b875b1eeccc1e7",
    "mode": "0644",
    "owner": "root",
    "size": 31,
    "src": "/root/.ansible/tmp/ansible-tmp-1584183336.0096443-105330646280651/source",
    "state": "file",
    "uid": 0
}
[WARNING]: No inventory was parsed, only implicit localhost is available
localhost | CHANGED => {
    "backup": "",
    "changed": true,
    "msg": "line replaced"
}
[WARNING]: No inventory was parsed, only implicit localhost is available
[WARNING]: provided hosts list is empty, only localhost is available. Note that the implicit localhost does not match 'all'

PLAY [localhost] **************************************************************************************************************************************************************************************************

TASK [Gathering Facts] ********************************************************************************************************************************************************************************************
ok: [localhost]

TASK [mount the base media for rhel6] *****************************************************************************************************************************************************************************
changed: [localhost]

TASK [mount the base media for rhel7] *****************************************************************************************************************************************************************************
changed: [localhost]

PLAY RECAP ********************************************************************************************************************************************************************************************************
localhost                  : ok=3    changed=2    unreachable=0    failed=0    skipped=0    rescued=0    ignored=0   

[WARNING]: No inventory was parsed, only implicit localhost is available
[WARNING]: provided hosts list is empty, only localhost is available. Note that the implicit localhost does not match 'all'

PLAY [localhost] **************************************************************************************************************************************************************************************************

TASK [Gathering Facts] ********************************************************************************************************************************************************************************************
ok: [localhost]

TASK [embed key in client source file] ****************************************************************************************************************************************************************************
changed: [localhost]

PLAY RECAP ********************************************************************************************************************************************************************************************************
localhost                  : ok=2    changed=1    unreachable=0    failed=0    skipped=0    rescued=0    ignored=0   

Executing(%prep): /bin/sh -e /var/tmp/rpm-tmp.3zRDCr
+ umask 022
+ cd /root/rpmbuild/BUILD
+ cd /root/rpmbuild/BUILD
+ rm -rf wakapp-client-1.0
+ /usr/bin/gzip -dc /root/rpmbuild/SOURCES/wakapp-client-1.0.tar.gz
+ /usr/bin/tar -xf -
+ STATUS=0
+ '[' 0 -ne 0 ']'
+ cd wakapp-client-1.0
+ /usr/bin/chmod -Rf a+rX,u+w,g-w,o-w .
+ exit 0
Executing(%build): /bin/sh -e /var/tmp/rpm-tmp.c8ITdH
+ umask 022
+ cd /root/rpmbuild/BUILD
+ cd wakapp-client-1.0
+ make
gcc -o wakapp-client wakapp-client.c
+ exit 0
Executing(%install): /bin/sh -e /var/tmp/rpm-tmp.d5UR0W
+ umask 022
+ cd /root/rpmbuild/BUILD
+ '[' /root/rpmbuild/BUILDROOT/wakapp-client-1.0-1.el7.x86_64 '!=' / ']'
+ rm -rf /root/rpmbuild/BUILDROOT/wakapp-client-1.0-1.el7.x86_64
++ dirname /root/rpmbuild/BUILDROOT/wakapp-client-1.0-1.el7.x86_64
+ mkdir -p /root/rpmbuild/BUILDROOT
+ mkdir /root/rpmbuild/BUILDROOT/wakapp-client-1.0-1.el7.x86_64
+ cd wakapp-client-1.0
+ /usr/bin/make install DESTDIR=/root/rpmbuild/BUILDROOT/wakapp-client-1.0-1.el7.x86_64
mkdir -p /root/rpmbuild/BUILDROOT/wakapp-client-1.0-1.el7.x86_64/usr/bin
install -m 0755 wakapp-client /root/rpmbuild/BUILDROOT/wakapp-client-1.0-1.el7.x86_64/usr/bin/wakapp-client
+ mkdir -p /root/rpmbuild/BUILDROOT/wakapp-client-1.0-1.el7.x86_64/etc/yum.repos.d
+ cp /root/rpmbuild/SOURCES/wakapp-client-1.0/wakapp.repo /root/rpmbuild/BUILDROOT/wakapp-client-1.0-1.el7.x86_64/etc/yum.repos.d/wakapp.repo
+ /usr/lib/rpm/find-debuginfo.sh --strict-build-id -m --run-dwz --dwz-low-mem-die-limit 10000000 --dwz-max-die-limit 110000000 /root/rpmbuild/BUILD/wakapp-client-1.0
extracting debug info from /root/rpmbuild/BUILDROOT/wakapp-client-1.0-1.el7.x86_64/usr/bin/wakapp-client
dwz: Too few files for multifile optimization
/usr/lib/rpm/sepdebugcrcfix: Updated 0 CRC32s, 1 CRC32s did match.
+ /usr/lib/rpm/check-buildroot
+ /usr/lib/rpm/redhat/brp-compress
+ /usr/lib/rpm/redhat/brp-strip-static-archive /usr/bin/strip
+ /usr/lib/rpm/brp-python-bytecompile /usr/bin/python 1
+ /usr/lib/rpm/redhat/brp-python-hardlink
+ /usr/lib/rpm/redhat/brp-java-repack-jars
Processing files: wakapp-client-1.0-1.el7.x86_64
Provides: wakapp-client = 1.0-1.el7 wakapp-client(x86-64) = 1.0-1.el7
Requires(interp): /bin/sh /bin/sh
Requires(rpmlib): rpmlib(CompressedFileNames) <= 3.0.4-1 rpmlib(FileDigests) <= 4.6.0-1 rpmlib(PayloadFilesHavePrefix) <= 4.0-1
Requires(post): /bin/sh
Requires(postun): /bin/sh
Requires: libc.so.6()(64bit) libc.so.6(GLIBC_2.2.5)(64bit) rtld(GNU_HASH)
Processing files: wakapp-client-debuginfo-1.0-1.el7.x86_64
Provides: wakapp-client-debuginfo = 1.0-1.el7 wakapp-client-debuginfo(x86-64) = 1.0-1.el7
Requires(rpmlib): rpmlib(FileDigests) <= 4.6.0-1 rpmlib(PayloadFilesHavePrefix) <= 4.0-1 rpmlib(CompressedFileNames) <= 3.0.4-1
Checking for unpackaged file(s): /usr/lib/rpm/check-files /root/rpmbuild/BUILDROOT/wakapp-client-1.0-1.el7.x86_64
Wrote: /root/rpmbuild/SRPMS/wakapp-client-1.0-1.el7.src.rpm
Wrote: /root/rpmbuild/RPMS/x86_64/wakapp-client-1.0-1.el7.x86_64.rpm
Wrote: /root/rpmbuild/RPMS/x86_64/wakapp-client-debuginfo-1.0-1.el7.x86_64.rpm
Executing(%clean): /bin/sh -e /var/tmp/rpm-tmp.rolfAZ
+ umask 022
+ cd /root/rpmbuild/BUILD
+ cd wakapp-client-1.0
+ /usr/bin/rm -rf /root/rpmbuild/BUILDROOT/wakapp-client-1.0-1.el7.x86_64
+ exit 0
[WARNING]: No inventory was parsed, only implicit localhost is available
[WARNING]: provided hosts list is empty, only localhost is available. Note that the implicit localhost does not match 'all'

PLAY [localhost] **************************************************************************************************************************************************************************************************

TASK [Gathering Facts] ********************************************************************************************************************************************************************************************
ok: [localhost]

TASK [Create scan_results & messages directory] *******************************************************************************************************************************************************************
changed: [localhost] => (item=bin)
changed: [localhost] => (item=scan_results)
changed: [localhost] => (item=messages)
changed: [localhost] => (item=logs)

TASK [copy files to wakausr home directory] ***********************************************************************************************************************************************************************
changed: [localhost]

TASK [copy files to wakausr home directory] ***********************************************************************************************************************************************************************
changed: [localhost]

PLAY RECAP ********************************************************************************************************************************************************************************************************
localhost                  : ok=4    changed=3    unreachable=0    failed=0    skipped=0    rescued=0    ignored=0   

[WARNING]: No inventory was parsed, only implicit localhost is available
[WARNING]: provided hosts list is empty, only localhost is available. Note that the implicit localhost does not match 'all'

PLAY [localhost] **************************************************************************************************************************************************************************************************

TASK [Gathering Facts] ********************************************************************************************************************************************************************************************
ok: [localhost]

TASK [start & enable docker] **************************************************************************************************************************************************************************************
changed: [localhost]

PLAY RECAP ********************************************************************************************************************************************************************************************************
localhost                  : ok=2    changed=1    unreachable=0    failed=0    skipped=0    rescued=0    ignored=0   

[WARNING]: No inventory was parsed, only implicit localhost is available
[WARNING]: provided hosts list is empty, only localhost is available. Note that the implicit localhost does not match 'all'

PLAY [localhost] **************************************************************************************************************************************************************************************************

TASK [Gathering Facts] ********************************************************************************************************************************************************************************************
ok: [localhost]

TASK [load redis image] *******************************************************************************************************************************************************************************************
changed: [localhost]

TASK [load nginx image] *******************************************************************************************************************************************************************************************
changed: [localhost]

TASK [load rabbitmq image] ****************************************************************************************************************************************************************************************
changed: [localhost]

TASK [load rhel-proxy7 image] *************************************************************************************************************************************************************************************
changed: [localhost]

PLAY RECAP ********************************************************************************************************************************************************************************************************
localhost                  : ok=5    changed=4    unreachable=0    failed=0    skipped=0    rescued=0    ignored=0   

[WARNING]: No inventory was parsed, only implicit localhost is available
[WARNING]: provided hosts list is empty, only localhost is available. Note that the implicit localhost does not match 'all'

PLAY [localhost] **************************************************************************************************************************************************************************************************

TASK [Gathering Facts] ********************************************************************************************************************************************************************************************
ok: [localhost]

TASK [create redis container] *************************************************************************************************************************************************************************************
changed: [localhost]

TASK [create nginx containers] ************************************************************************************************************************************************************************************
changed: [localhost]

TASK [create rabbitmq containers] *********************************************************************************************************************************************************************************
changed: [localhost]

PLAY RECAP ********************************************************************************************************************************************************************************************************
localhost                  : ok=4    changed=3    unreachable=0    failed=0    skipped=0    rescued=0    ignored=0   

[WARNING]: No inventory was parsed, only implicit localhost is available
[WARNING]: provided hosts list is empty, only localhost is available. Note that the implicit localhost does not match 'all'

PLAY [localhost] **************************************************************************************************************************************************************************************************

TASK [Gathering Facts] ********************************************************************************************************************************************************************************************
ok: [localhost]

TASK [firewall rules] *********************************************************************************************************************************************************************************************
changed: [localhost] => (item=5672/tcp)
changed: [localhost] => (item=15672/tcp)
changed: [localhost] => (item=8888/tcp)
changed: [localhost] => (item=6379/tcp)

PLAY RECAP ********************************************************************************************************************************************************************************************************
localhost                  : ok=2    changed=1    unreachable=0    failed=0    skipped=0    rescued=0    ignored=0   

